Log Name:      System
Source:        Microsoft-Windows-FilterManager
Date:          1/8/2023 9:13:19 PM
Event ID:      6
Task Category: None
Level:         Information
Keywords:      
User:          SYSTEM
Computer:      DESKTOP-MEHSHLA
Description:
File System Filter 'wcifs' (10.0, ‎2084‎-‎01‎-‎02T03:25:46.000000000Z) has successfully loaded and registered with Filter Manager.
Event Xml:
<Event xmlns="http://schemas.microsoft.com/win/2004/08/events/event">
  <System>
    <Provider Name="Microsoft-Windows-FilterManager" Guid="{f3c5e28e-63f6-49c7-a204-e48a1bc4b09d}" />
    <EventID>6</EventID>
    <Version>0</Version>
    <Level>4</Level>
    <Task>0</Task>
    <Opcode>0</Opcode>
    <Keywords>0x8000000000000000</Keywords>
    <TimeCreated SystemTime="2023-01-09T02:13:19.8178092Z" />
    <EventRecordID>5687</EventRecordID>
    <Correlation />
    <Execution ProcessID="4" ThreadID="452" />
    <Channel>System</Channel>
    <Computer>DESKTOP-MEHSHLA</Computer>
    <Security UserID="S-1-5-18" />
  </System>
  <EventData>
    <Data Name="FinalStatus">0x0</Data>
    <Data Name="DeviceVersionMajor">10</Data>
    <Data Name="DeviceVersionMinor">0</Data>
    <Data Name="DeviceNameLength">5</Data>
    <Data Name="DeviceName">wcifs</Data>
    <Data Name="DeviceTime">2084-01-02T03:25:46.0000000Z</Data>
  </EventData>
</Event>

Log Name:      System
Source:        Microsoft-Windows-Directory-Services-SAM
Date:          1/8/2023 9:13:19 PM
Event ID:      16983
Task Category: None
Level:         Information
Keywords:      
User:          SYSTEM
Computer:      DESKTOP-MEHSHLA
Description:
The security account manager is now logging periodic summary events for remote clients that call legacy password change or set RPC methods.

For more information please see https://go.microsoft.com/fwlink/?linkid=2150956.

Event Xml:
<Event xmlns="http://schemas.microsoft.com/win/2004/08/events/event">
  <System>
    <Provider Name="Microsoft-Windows-Directory-Services-SAM" Guid="{0d4fdc09-8c27-494a-bda0-505e4fd8adae}" />
    <EventID>16983</EventID>
    <Version>0</Version>
    <Level>4</Level>
    <Task>0</Task>
    <Opcode>0</Opcode>
    <Keywords>0x8000000000000000</Keywords>
    <TimeCreated SystemTime="2023-01-09T02:13:19.0133920Z" />
    <EventRecordID>5686</EventRecordID>
    <Correlation ActivityID="{dd11f2b5-23cf-0002-fef2-11ddcf23d901}" />
    <Execution ProcessID="904" ThreadID="908" />
    <Channel>System</Channel>
    <Computer>DESKTOP-MEHSHLA</Computer>
    <Security UserID="S-1-5-18" />
  </System>
  <EventData Name="SAMMSG_AUDIT_LEGACY_PWD_RPC_METHODS_OFF">
  </EventData>
</Event>

Log Name:      System
Source:        Microsoft-Windows-Directory-Services-SAM
Date:          1/8/2023 9:13:19 PM
Event ID:      16977
Task Category: None
Level:         Information
Keywords:      
User:          SYSTEM
Computer:      DESKTOP-MEHSHLA
Description:
The domain is configured with the following minimum password length-related settings.

MinimumPasswordLength: 0

RelaxMinimumPasswordLengthLimits: 0

MinimumPasswordLengthAudit: -1

For more information see https://go.microsoft.com/fwlink/?LinkId=2097191.

Event Xml:
<Event xmlns="http://schemas.microsoft.com/win/2004/08/events/event">
  <System>
    <Provider Name="Microsoft-Windows-Directory-Services-SAM" Guid="{0d4fdc09-8c27-494a-bda0-505e4fd8adae}" />
    <EventID>16977</EventID>
    <Version>0</Version>
    <Level>4</Level>
    <Task>0</Task>
    <Opcode>0</Opcode>
    <Keywords>0x8000000000000000</Keywords>
    <TimeCreated SystemTime="2023-01-09T02:13:19.0133872Z" />
    <EventRecordID>5685</EventRecordID>
    <Correlation ActivityID="{dd11f2b5-23cf-0002-fef2-11ddcf23d901}" />
    <Execution ProcessID="904" ThreadID="908" />
    <Channel>System</Channel>
    <Computer>DESKTOP-MEHSHLA</Computer>
    <Security UserID="S-1-5-18" />
  </System>
  <EventData Name="SAMMSG_MINPWDLEN_SETTINGS_IN_EFFECT">
    <Data Name="MinimumPasswordLength">0</Data>
    <Data Name="RelaxMinimumPasswordLengthLimits">0</Data>
    <Data Name="MinimumPasswordLengthAudit">-1</Data>
  </EventData>
</Event>

Log Name:      System
Source:        Microsoft-Windows-Directory-Services-SAM
Date:          1/8/2023 9:13:19 PM
Event ID:      16962
Task Category: None
Level:         Information
Keywords:      
User:          SYSTEM
Computer:      DESKTOP-MEHSHLA
Description:
Remote calls to the SAM database are being restricted using the default security descriptor: O:SYG:SYD:(A;;RC;;;BA).
For more information please see http://go.microsoft.com/fwlink/?LinkId=787651.
Event Xml:
<Event xmlns="http://schemas.microsoft.com/win/2004/08/events/event">
  <System>
    <Provider Name="Microsoft-Windows-Directory-Services-SAM" Guid="{0d4fdc09-8c27-494a-bda0-505e4fd8adae}" />
    <EventID>16962</EventID>
    <Version>0</Version>
    <Level>4</Level>
    <Task>0</Task>
    <Opcode>0</Opcode>
    <Keywords>0x8000000000000000</Keywords>
    <TimeCreated SystemTime="2023-01-09T02:13:19.0090122Z" />
    <EventRecordID>5684</EventRecordID>
    <Correlation ActivityID="{dd11f2b5-23cf-0002-fef2-11ddcf23d901}" />
    <Execution ProcessID="904" ThreadID="908" />
    <Channel>System</Channel>
    <Computer>DESKTOP-MEHSHLA</Computer>
    <Security UserID="S-1-5-18" />
  </System>
  <EventData Name="SAMMSG_RESTRICT_REMOTE_SAM_DEFAULT_SD">
    <Data Name="Default SD String:">O:SYG:SYD:(A;;RC;;;BA)</Data>
  </EventData>
</Event>

Log Name:      System
Source:        Microsoft-Windows-Wininit
Date:          1/8/2023 9:13:18 PM
Event ID:      14
Task Category: None
Level:         Information
Keywords:      
User:          SYSTEM
Computer:      DESKTOP-MEHSHLA
Description:
Credential Guard configuration: 0x0, 0
Event Xml:
<Event xmlns="http://schemas.microsoft.com/win/2004/08/events/event">
  <System>
    <Provider Name="Microsoft-Windows-Wininit" Guid="{206f6dea-d3c5-4d10-bc72-989f03c8b84b}" />
    <EventID>14</EventID>
    <Version>0</Version>
    <Level>4</Level>
    <Task>0</Task>
    <Opcode>0</Opcode>
    <Keywords>0x4000000000000000</Keywords>
    <TimeCreated SystemTime="2023-01-09T02:13:18.8499771Z" />
    <EventRecordID>5683</EventRecordID>
    <Correlation />
    <Execution ProcessID="796" ThreadID="800" />
    <Channel>System</Channel>
    <Computer>DESKTOP-MEHSHLA</Computer>
    <Security UserID="S-1-5-18" />
  </System>
  <EventData>
    <Data Name="Config">0</Data>
    <Data Name="IsTestConfig">0</Data>
  </EventData>
</Event>

Log Name:      System
Source:        Microsoft-Windows-Kernel-General
Date:          1/8/2023 9:13:16 PM
Event ID:      24
Task Category: (11)
Level:         Information
Keywords:      Time
User:          SYSTEM
Computer:      DESKTOP-MEHSHLA
Description:
The time zone information was refreshed with exit reason 0. Current time zone bias is 300.
Event Xml:
<Event xmlns="http://schemas.microsoft.com/win/2004/08/events/event">
  <System>
    <Provider Name="Microsoft-Windows-Kernel-General" Guid="{a68ca8b7-004f-d7b6-a698-07e2de0f1f5d}" />
    <EventID>24</EventID>
    <Version>0</Version>
    <Level>4</Level>
    <Task>11</Task>
    <Opcode>0</Opcode>
    <Keywords>0x8000000000000010</Keywords>
    <TimeCreated SystemTime="2023-01-09T02:13:16.5752041Z" />
    <EventRecordID>5682</EventRecordID>
    <Correlation />
    <Execution ProcessID="108" ThreadID="684" />
    <Channel>System</Channel>
    <Computer>DESKTOP-MEHSHLA</Computer>
    <Security UserID="S-1-5-18" />
  </System>
  <EventData>
    <Data Name="ExitReason">0</Data>
    <Data Name="CurrentBias">300</Data>
    <Data Name="CurrentTimeZoneID">1</Data>
    <Data Name="TimeZoneInfoCacheUpdated">0</Data>
    <Data Name="FirstRefresh">0</Data>
  </EventData>
</Event>

Log Name:      System
Source:        mrcbt
Date:          1/8/2023 9:13:13 PM
Event ID:      2008
Task Category: None
Level:         Error
Keywords:      
User:          SYSTEM
Computer:      DESKTOP-MEHSHLA
Description:
The previous session did not finalize the tracking file on device \Device\HarddiskVolume7. The tracking file has been reset.
Event Xml:
<Event xmlns="http://schemas.microsoft.com/win/2004/08/events/event">
  <System>
    <Provider Name="mrcbt" Guid="{288fcfb2-caa0-44ff-b663-5336d63f6860}" />
    <EventID>2008</EventID>
    <Version>0</Version>
    <Level>2</Level>
    <Task>0</Task>
    <Opcode>0</Opcode>
    <Keywords>0x8000000000000000</Keywords>
    <TimeCreated SystemTime="2023-01-09T02:13:13.8614608Z" />
    <EventRecordID>5681</EventRecordID>
    <Correlation />
    <Execution ProcessID="4" ThreadID="388" />
    <Channel>System</Channel>
    <Computer>DESKTOP-MEHSHLA</Computer>
    <Security UserID="S-1-5-18" />
  </System>
  <EventData>
    <Data Name="DeviceName">\Device\HarddiskVolume7</Data>
  </EventData>
</Event>

Log Name:      System
Source:        mrcbt
Date:          1/8/2023 9:13:13 PM
Event ID:      1001
Task Category: None
Level:         Information
Keywords:      
User:          SYSTEM
Computer:      DESKTOP-MEHSHLA
Description:
Received GUID_IO_VOLUME_MOUNT for device \Device\HarddiskVolume7
Event Xml:
<Event xmlns="http://schemas.microsoft.com/win/2004/08/events/event">
  <System>
    <Provider Name="mrcbt" Guid="{288fcfb2-caa0-44ff-b663-5336d63f6860}" />
    <EventID>1001</EventID>
    <Version>0</Version>
    <Level>4</Level>
    <Task>0</Task>
    <Opcode>0</Opcode>
    <Keywords>0x8000000000000000</Keywords>
    <TimeCreated SystemTime="2023-01-09T02:13:13.8549807Z" />
    <EventRecordID>5680</EventRecordID>
    <Correlation />
    <Execution ProcessID="4" ThreadID="388" />
    <Channel>System</Channel>
    <Computer>DESKTOP-MEHSHLA</Computer>
    <Security UserID="S-1-5-18" />
  </System>
  <EventData>
    <Data Name="DeviceName">\Device\HarddiskVolume7</Data>
  </EventData>
</Event>

Log Name:      System
Source:        Microsoft-Windows-Ntfs
Date:          1/8/2023 9:13:13 PM
Event ID:      98
Task Category: None
Level:         Information
Keywords:      (2)
User:          SYSTEM
Computer:      DESKTOP-MEHSHLA
Description:
Volume \\?\Volume{ce4d4259-e3f5-4b3d-933e-2f3f635965f2} (\Device\HarddiskVolume7) is healthy.  No action is needed.
Event Xml:
<Event xmlns="http://schemas.microsoft.com/win/2004/08/events/event">
  <System>
    <Provider Name="Microsoft-Windows-Ntfs" Guid="{3ff37a1c-a68d-4d6e-8c9b-f79e8b16c482}" />
    <EventID>98</EventID>
    <Version>0</Version>
    <Level>4</Level>
    <Task>0</Task>
    <Opcode>0</Opcode>
    <Keywords>0x8000000000000002</Keywords>
    <TimeCreated SystemTime="2023-01-09T02:13:13.8138554Z" />
    <EventRecordID>5679</EventRecordID>
    <Correlation />
    <Execution ProcessID="4" ThreadID="432" />
    <Channel>System</Channel>
    <Computer>DESKTOP-MEHSHLA</Computer>
    <Security UserID="S-1-5-18" />
  </System>
  <EventData>
    <Data Name="DriveName">\\?\Volume{ce4d4259-e3f5-4b3d-933e-2f3f635965f2}</Data>
    <Data Name="DeviceName">\Device\HarddiskVolume7</Data>
    <Data Name="CorruptionActionState">0</Data>
  </EventData>
</Event>

Log Name:      System
Source:        mrcbt
Date:          1/8/2023 9:13:13 PM
Event ID:      5002
Task Category: None
Level:         Information
Keywords:      
User:          N/A
Computer:      DESKTOP-MEHSHLA
Description:
The size of the $LogFile on device \Device\HarddiskVolume7 is 0x4BC000 bytes with 0x1 fragments
Event Xml:
<Event xmlns="http://schemas.microsoft.com/win/2004/08/events/event">
  <System>
    <Provider Name="mrcbt" Guid="{288fcfb2-caa0-44ff-b663-5336d63f6860}" />
    <EventID>5002</EventID>
    <Version>0</Version>
    <Level>4</Level>
    <Task>0</Task>
    <Opcode>0</Opcode>
    <Keywords>0x8000000000000000</Keywords>
    <TimeCreated SystemTime="2023-01-09T02:13:13.6728651Z" />
    <EventRecordID>5678</EventRecordID>
    <Correlation />
    <Execution ProcessID="592" ThreadID="596" />
    <Channel>System</Channel>
    <Computer>DESKTOP-MEHSHLA</Computer>
    <Security />
  </System>
  <EventData>
    <Data Name="DeviceName">\Device\HarddiskVolume7</Data>
    <Data Name="Size">0x4bc000</Data>
    <Data Name="Fragments">0x1</Data>
  </EventData>
</Event>

Log Name:      System
Source:        mrcbt
Date:          1/8/2023 9:13:13 PM
Event ID:      5007
Task Category: None
Level:         Information
Keywords:      
User:          N/A
Computer:      DESKTOP-MEHSHLA
Description:
CurrentLcn=0, CurrentVcn=0, LcnBytes=3, VcnBytes=2
Event Xml:
<Event xmlns="http://schemas.microsoft.com/win/2004/08/events/event">
  <System>
    <Provider Name="mrcbt" Guid="{288fcfb2-caa0-44ff-b663-5336d63f6860}" />
    <EventID>5007</EventID>
    <Version>0</Version>
    <Level>4</Level>
    <Task>0</Task>
    <Opcode>0</Opcode>
    <Keywords>0x8000000000000000</Keywords>
    <TimeCreated SystemTime="2023-01-09T02:13:13.6728642Z" />
    <EventRecordID>5677</EventRecordID>
    <Correlation />
    <Execution ProcessID="592" ThreadID="596" />
    <Channel>System</Channel>
    <Computer>DESKTOP-MEHSHLA</Computer>
    <Security />
  </System>
  <EventData>
    <Data Name="CurrentLcn">0</Data>
    <Data Name="CurrentVcn">0</Data>
    <Data Name="LcnBytes">3</Data>
    <Data Name="VcnBytes">2</Data>
  </EventData>
</Event>

Log Name:      System
Source:        mrcbt
Date:          1/8/2023 9:13:13 PM
Event ID:      5006
Task Category: None
Level:         Information
Keywords:      
User:          N/A
Computer:      DESKTOP-MEHSHLA
Description:
MappingPairsLength=8
Event Xml:
<Event xmlns="http://schemas.microsoft.com/win/2004/08/events/event">
  <System>
    <Provider Name="mrcbt" Guid="{288fcfb2-caa0-44ff-b663-5336d63f6860}" />
    <EventID>5006</EventID>
    <Version>0</Version>
    <Level>4</Level>
    <Task>0</Task>
    <Opcode>0</Opcode>
    <Keywords>0x8000000000000000</Keywords>
    <TimeCreated SystemTime="2023-01-09T02:13:13.6728638Z" />
    <EventRecordID>5676</EventRecordID>
    <Correlation />
    <Execution ProcessID="592" ThreadID="596" />
    <Channel>System</Channel>
    <Computer>DESKTOP-MEHSHLA</Computer>
    <Security />
  </System>
  <EventData>
    <Data Name="Length">8</Data>
  </EventData>
</Event>

Log Name:      System
Source:        mrcbt
Date:          1/8/2023 9:13:13 PM
Event ID:      2008
Task Category: None
Level:         Error
Keywords:      
User:          SYSTEM
Computer:      DESKTOP-MEHSHLA
Description:
The previous session did not finalize the tracking file on device \Device\HarddiskVolume6. The tracking file has been reset.
Event Xml:
<Event xmlns="http://schemas.microsoft.com/win/2004/08/events/event">
  <System>
    <Provider Name="mrcbt" Guid="{288fcfb2-caa0-44ff-b663-5336d63f6860}" />
    <EventID>2008</EventID>
    <Version>0</Version>
    <Level>2</Level>
    <Task>0</Task>
    <Opcode>0</Opcode>
    <Keywords>0x8000000000000000</Keywords>
    <TimeCreated SystemTime="2023-01-09T02:13:13.6632759Z" />
    <EventRecordID>5675</EventRecordID>
    <Correlation />
    <Execution ProcessID="4" ThreadID="432" />
    <Channel>System</Channel>
    <Computer>DESKTOP-MEHSHLA</Computer>
    <Security UserID="S-1-5-18" />
  </System>
  <EventData>
    <Data Name="DeviceName">\Device\HarddiskVolume6</Data>
  </EventData>
</Event>

Log Name:      System
Source:        mrcbt
Date:          1/8/2023 9:13:13 PM
Event ID:      1001
Task Category: None
Level:         Information
Keywords:      
User:          SYSTEM
Computer:      DESKTOP-MEHSHLA
Description:
Received GUID_IO_VOLUME_MOUNT for device \Device\HarddiskVolume6
Event Xml:
<Event xmlns="http://schemas.microsoft.com/win/2004/08/events/event">
  <System>
    <Provider Name="mrcbt" Guid="{288fcfb2-caa0-44ff-b663-5336d63f6860}" />
    <EventID>1001</EventID>
    <Version>0</Version>
    <Level>4</Level>
    <Task>0</Task>
    <Opcode>0</Opcode>
    <Keywords>0x8000000000000000</Keywords>
    <TimeCreated SystemTime="2023-01-09T02:13:13.6529371Z" />
    <EventRecordID>5674</EventRecordID>
    <Correlation />
    <Execution ProcessID="4" ThreadID="432" />
    <Channel>System</Channel>
    <Computer>DESKTOP-MEHSHLA</Computer>
    <Security UserID="S-1-5-18" />
  </System>
  <EventData>
    <Data Name="DeviceName">\Device\HarddiskVolume6</Data>
  </EventData>
</Event>

Log Name:      System
Source:        Microsoft-Windows-Ntfs
Date:          1/8/2023 9:13:13 PM
Event ID:      98
Task Category: None
Level:         Information
Keywords:      (2)
User:          SYSTEM
Computer:      DESKTOP-MEHSHLA
Description:
Volume \\?\Volume{9868ba5b-2c68-4946-9be2-678b40a5cbe6} (\Device\HarddiskVolume6) is healthy.  No action is needed.
Event Xml:
<Event xmlns="http://schemas.microsoft.com/win/2004/08/events/event">
  <System>
    <Provider Name="Microsoft-Windows-Ntfs" Guid="{3ff37a1c-a68d-4d6e-8c9b-f79e8b16c482}" />
    <EventID>98</EventID>
    <Version>0</Version>
    <Level>4</Level>
    <Task>0</Task>
    <Opcode>0</Opcode>
    <Keywords>0x8000000000000002</Keywords>
    <TimeCreated SystemTime="2023-01-09T02:13:13.6120699Z" />
    <EventRecordID>5673</EventRecordID>
    <Correlation />
    <Execution ProcessID="4" ThreadID="388" />
    <Channel>System</Channel>
    <Computer>DESKTOP-MEHSHLA</Computer>
    <Security UserID="S-1-5-18" />
  </System>
  <EventData>
    <Data Name="DriveName">\\?\Volume{9868ba5b-2c68-4946-9be2-678b40a5cbe6}</Data>
    <Data Name="DeviceName">\Device\HarddiskVolume6</Data>
    <Data Name="CorruptionActionState">0</Data>
  </EventData>
</Event>

Log Name:      System
Source:        mrcbt
Date:          1/8/2023 9:13:13 PM
Event ID:      5002
Task Category: None
Level:         Information
Keywords:      
User:          N/A
Computer:      DESKTOP-MEHSHLA
Description:
The size of the $LogFile on device \Device\HarddiskVolume6 is 0x43C000 bytes with 0x1 fragments
Event Xml:
<Event xmlns="http://schemas.microsoft.com/win/2004/08/events/event">
  <System>
    <Provider Name="mrcbt" Guid="{288fcfb2-caa0-44ff-b663-5336d63f6860}" />
    <EventID>5002</EventID>
    <Version>0</Version>
    <Level>4</Level>
    <Task>0</Task>
    <Opcode>0</Opcode>
    <Keywords>0x8000000000000000</Keywords>
    <TimeCreated SystemTime="2023-01-09T02:13:13.4297113Z" />
    <EventRecordID>5672</EventRecordID>
    <Correlation />
    <Execution ProcessID="592" ThreadID="596" />
    <Channel>System</Channel>
    <Computer>DESKTOP-MEHSHLA</Computer>
    <Security />
  </System>
  <EventData>
    <Data Name="DeviceName">\Device\HarddiskVolume6</Data>
    <Data Name="Size">0x43c000</Data>
    <Data Name="Fragments">0x1</Data>
  </EventData>
</Event>

Log Name:      System
Source:        mrcbt
Date:          1/8/2023 9:13:13 PM
Event ID:      5007
Task Category: None
Level:         Information
Keywords:      
User:          N/A
Computer:      DESKTOP-MEHSHLA
Description:
CurrentLcn=0, CurrentVcn=0, LcnBytes=3, VcnBytes=2
Event Xml:
<Event xmlns="http://schemas.microsoft.com/win/2004/08/events/event">
  <System>
    <Provider Name="mrcbt" Guid="{288fcfb2-caa0-44ff-b663-5336d63f6860}" />
    <EventID>5007</EventID>
    <Version>0</Version>
    <Level>4</Level>
    <Task>0</Task>
    <Opcode>0</Opcode>
    <Keywords>0x8000000000000000</Keywords>
    <TimeCreated SystemTime="2023-01-09T02:13:13.4297105Z" />
    <EventRecordID>5671</EventRecordID>
    <Correlation />
    <Execution ProcessID="592" ThreadID="596" />
    <Channel>System</Channel>
    <Computer>DESKTOP-MEHSHLA</Computer>
    <Security />
  </System>
  <EventData>
    <Data Name="CurrentLcn">0</Data>
    <Data Name="CurrentVcn">0</Data>
    <Data Name="LcnBytes">3</Data>
    <Data Name="VcnBytes">2</Data>
  </EventData>
</Event>

Log Name:      System
Source:        mrcbt
Date:          1/8/2023 9:13:13 PM
Event ID:      5006
Task Category: None
Level:         Information
Keywords:      
User:          N/A
Computer:      DESKTOP-MEHSHLA
Description:
MappingPairsLength=8
Event Xml:
<Event xmlns="http://schemas.microsoft.com/win/2004/08/events/event">
  <System>
    <Provider Name="mrcbt" Guid="{288fcfb2-caa0-44ff-b663-5336d63f6860}" />
    <EventID>5006</EventID>
    <Version>0</Version>
    <Level>4</Level>
    <Task>0</Task>
    <Opcode>0</Opcode>
    <Keywords>0x8000000000000000</Keywords>
    <TimeCreated SystemTime="2023-01-09T02:13:13.4297099Z" />
    <EventRecordID>5670</EventRecordID>
    <Correlation />
    <Execution ProcessID="592" ThreadID="596" />
    <Channel>System</Channel>
    <Computer>DESKTOP-MEHSHLA</Computer>
    <Security />
  </System>
  <EventData>
    <Data Name="Length">8</Data>
  </EventData>
</Event>

Log Name:      System
Source:        mrcbt
Date:          1/8/2023 9:13:13 PM
Event ID:      2008
Task Category: None
Level:         Error
Keywords:      
User:          SYSTEM
Computer:      DESKTOP-MEHSHLA
Description:
The previous session did not finalize the tracking file on device \Device\HarddiskVolume8 (D:). The tracking file has been reset.
Event Xml:
<Event xmlns="http://schemas.microsoft.com/win/2004/08/events/event">
  <System>
    <Provider Name="mrcbt" Guid="{288fcfb2-caa0-44ff-b663-5336d63f6860}" />
    <EventID>2008</EventID>
    <Version>0</Version>
    <Level>2</Level>
    <Task>0</Task>
    <Opcode>0</Opcode>
    <Keywords>0x8000000000000000</Keywords>
    <TimeCreated SystemTime="2023-01-09T02:13:13.3846608Z" />
    <EventRecordID>5669</EventRecordID>
    <Correlation />
    <Execution ProcessID="4" ThreadID="424" />
    <Channel>System</Channel>
    <Computer>DESKTOP-MEHSHLA</Computer>
    <Security UserID="S-1-5-18" />
  </System>
  <EventData>
    <Data Name="DeviceName">\Device\HarddiskVolume8 (D:)</Data>
  </EventData>
</Event>

Log Name:      System
Source:        mrcbt
Date:          1/8/2023 9:13:13 PM
Event ID:      1001
Task Category: None
Level:         Information
Keywords:      
User:          SYSTEM
Computer:      DESKTOP-MEHSHLA
Description:
Received GUID_IO_VOLUME_MOUNT for device \Device\HarddiskVolume8 (D:)
Event Xml:
<Event xmlns="http://schemas.microsoft.com/win/2004/08/events/event">
  <System>
    <Provider Name="mrcbt" Guid="{288fcfb2-caa0-44ff-b663-5336d63f6860}" />
    <EventID>1001</EventID>
    <Version>0</Version>
    <Level>4</Level>
    <Task>0</Task>
    <Opcode>0</Opcode>
    <Keywords>0x8000000000000000</Keywords>
    <TimeCreated SystemTime="2023-01-09T02:13:13.3474606Z" />
    <EventRecordID>5668</EventRecordID>
    <Correlation />
    <Execution ProcessID="4" ThreadID="424" />
    <Channel>System</Channel>
    <Computer>DESKTOP-MEHSHLA</Computer>
    <Security UserID="S-1-5-18" />
  </System>
  <EventData>
    <Data Name="DeviceName">\Device\HarddiskVolume8 (D:)</Data>
  </EventData>
</Event>

Log Name:      System
Source:        Microsoft-Windows-Ntfs
Date:          1/8/2023 9:13:13 PM
Event ID:      98
Task Category: None
Level:         Information
Keywords:      (2)
User:          SYSTEM
Computer:      DESKTOP-MEHSHLA
Description:
Volume D: (\Device\HarddiskVolume8) is healthy.  No action is needed.
Event Xml:
<Event xmlns="http://schemas.microsoft.com/win/2004/08/events/event">
  <System>
    <Provider Name="Microsoft-Windows-Ntfs" Guid="{3ff37a1c-a68d-4d6e-8c9b-f79e8b16c482}" />
    <EventID>98</EventID>
    <Version>0</Version>
    <Level>4</Level>
    <Task>0</Task>
    <Opcode>0</Opcode>
    <Keywords>0x8000000000000002</Keywords>
    <TimeCreated SystemTime="2023-01-09T02:13:13.2380346Z" />
    <EventRecordID>5667</EventRecordID>
    <Correlation />
    <Execution ProcessID="4" ThreadID="32" />
    <Channel>System</Channel>
    <Computer>DESKTOP-MEHSHLA</Computer>
    <Security UserID="S-1-5-18" />
  </System>
  <EventData>
    <Data Name="DriveName">D:</Data>
    <Data Name="DeviceName">\Device\HarddiskVolume8</Data>
    <Data Name="CorruptionActionState">0</Data>
  </EventData>
</Event>

Log Name:      System
Source:        mrcbt
Date:          1/8/2023 9:13:12 PM
Event ID:      5002
Task Category: None
Level:         Information
Keywords:      
User:          N/A
Computer:      DESKTOP-MEHSHLA
Description:
The size of the $LogFile on device \Device\HarddiskVolume8 (D:) is 0x12B0000 bytes with 0x1 fragments
Event Xml:
<Event xmlns="http://schemas.microsoft.com/win/2004/08/events/event">
  <System>
    <Provider Name="mrcbt" Guid="{288fcfb2-caa0-44ff-b663-5336d63f6860}" />
    <EventID>5002</EventID>
    <Version>0</Version>
    <Level>4</Level>
    <Task>0</Task>
    <Opcode>0</Opcode>
    <Keywords>0x8000000000000000</Keywords>
    <TimeCreated SystemTime="2023-01-09T02:13:12.9841346Z" />
    <EventRecordID>5666</EventRecordID>
    <Correlation />
    <Execution ProcessID="592" ThreadID="596" />
    <Channel>System</Channel>
    <Computer>DESKTOP-MEHSHLA</Computer>
    <Security />
  </System>
  <EventData>
    <Data Name="DeviceName">\Device\HarddiskVolume8 (D:)</Data>
    <Data Name="Size">0x12b0000</Data>
    <Data Name="Fragments">0x1</Data>
  </EventData>
</Event>

Log Name:      System
Source:        mrcbt
Date:          1/8/2023 9:13:12 PM
Event ID:      5007
Task Category: None
Level:         Information
Keywords:      
User:          N/A
Computer:      DESKTOP-MEHSHLA
Description:
CurrentLcn=0, CurrentVcn=0, LcnBytes=3, VcnBytes=2
Event Xml:
<Event xmlns="http://schemas.microsoft.com/win/2004/08/events/event">
  <System>
    <Provider Name="mrcbt" Guid="{288fcfb2-caa0-44ff-b663-5336d63f6860}" />
    <EventID>5007</EventID>
    <Version>0</Version>
    <Level>4</Level>
    <Task>0</Task>
    <Opcode>0</Opcode>
    <Keywords>0x8000000000000000</Keywords>
    <TimeCreated SystemTime="2023-01-09T02:13:12.9841334Z" />
    <EventRecordID>5665</EventRecordID>
    <Correlation />
    <Execution ProcessID="592" ThreadID="596" />
    <Channel>System</Channel>
    <Computer>DESKTOP-MEHSHLA</Computer>
    <Security />
  </System>
  <EventData>
    <Data Name="CurrentLcn">0</Data>
    <Data Name="CurrentVcn">0</Data>
    <Data Name="LcnBytes">3</Data>
    <Data Name="VcnBytes">2</Data>
  </EventData>
</Event>

Log Name:      System
Source:        mrcbt
Date:          1/8/2023 9:13:12 PM
Event ID:      5006
Task Category: None
Level:         Information
Keywords:      
User:          N/A
Computer:      DESKTOP-MEHSHLA
Description:
MappingPairsLength=8
Event Xml:
<Event xmlns="http://schemas.microsoft.com/win/2004/08/events/event">
  <System>
    <Provider Name="mrcbt" Guid="{288fcfb2-caa0-44ff-b663-5336d63f6860}" />
    <EventID>5006</EventID>
    <Version>0</Version>
    <Level>4</Level>
    <Task>0</Task>
    <Opcode>0</Opcode>
    <Keywords>0x8000000000000000</Keywords>
    <TimeCreated SystemTime="2023-01-09T02:13:12.9841330Z" />
    <EventRecordID>5664</EventRecordID>
    <Correlation />
    <Execution ProcessID="592" ThreadID="596" />
    <Channel>System</Channel>
    <Computer>DESKTOP-MEHSHLA</Computer>
    <Security />
  </System>
  <EventData>
    <Data Name="Length">8</Data>
  </EventData>
</Event>

Log Name:      System
Source:        BTHUSB
Date:          1/8/2023 9:12:59 PM
Event ID:      18
Task Category: None
Level:         Information
Keywords:      Classic
User:          N/A
Computer:      DESKTOP-MEHSHLA
Description:
Windows cannot store Bluetooth authentication codes (link keys) on the local adapter. Bluetooth keyboards might not work in the system BIOS during startup.
Event Xml:
<Event xmlns="http://schemas.microsoft.com/win/2004/08/events/event">
  <System>
    <Provider Name="BTHUSB" />
    <EventID Qualifiers="16389">18</EventID>
    <Version>0</Version>
    <Level>4</Level>
    <Task>0</Task>
    <Opcode>0</Opcode>
    <Keywords>0x80000000000000</Keywords>
    <TimeCreated SystemTime="2023-01-09T02:12:59.9725488Z" />
    <EventRecordID>5663</EventRecordID>
    <Correlation />
    <Execution ProcessID="4" ThreadID="488" />
    <Channel>System</Channel>
    <Computer>DESKTOP-MEHSHLA</Computer>
    <Security />
  </System>
  <EventData>
    <Data>
    </Data>
    <Binary>00000800010000000000000012000540000000000000000000000000000000000000000000000000E000000000000000</Binary>
  </EventData>
</Event>

Log Name:      System
Source:        Netwtw04
Date:          1/8/2023 9:12:58 PM
Event ID:      7010
Task Category: None
Level:         Information
Keywords:      Classic
User:          N/A
Computer:      DESKTOP-MEHSHLA
Description:
7010 - driver enabled (miniport init)
Event Xml:
<Event xmlns="http://schemas.microsoft.com/win/2004/08/events/event">
  <System>
    <Provider Name="Netwtw04" />
    <EventID Qualifiers="16384">7010</EventID>
    <Version>0</Version>
    <Level>4</Level>
    <Task>0</Task>
    <Opcode>0</Opcode>
    <Keywords>0x80000000000000</Keywords>
    <TimeCreated SystemTime="2023-01-09T02:12:58.7135575Z" />
    <EventRecordID>5662</EventRecordID>
    <Correlation />
    <Execution ProcessID="4" ThreadID="452" />
    <Channel>System</Channel>
    <Computer>DESKTOP-MEHSHLA</Computer>
    <Security />
  </System>
  <EventData>
    <Data>\Device\NDMP2</Data>
    <Data>Intel(R) Dual Band Wireless-AC 3168</Data>
    <Binary>000008000200380000000000621B00400000000000000000000000000000000000000000000000000000000000000000</Binary>
  </EventData>
</Event>

Log Name:      System
Source:        Netwtw04
Date:          1/8/2023 9:12:58 PM
Event ID:      7001
Task Category: None
Level:         Information
Keywords:      Classic
User:          N/A
Computer:      DESKTOP-MEHSHLA
Description:
7001 - 11d Location MCC value (WRDD)
Event Xml:
<Event xmlns="http://schemas.microsoft.com/win/2004/08/events/event">
  <System>
    <Provider Name="Netwtw04" />
    <EventID Qualifiers="16384">7001</EventID>
    <Version>0</Version>
    <Level>4</Level>
    <Task>0</Task>
    <Opcode>0</Opcode>
    <Keywords>0x80000000000000</Keywords>
    <TimeCreated SystemTime="2023-01-09T02:12:58.6534822Z" />
    <EventRecordID>5661</EventRecordID>
    <Correlation />
    <Execution ProcessID="4" ThreadID="284" />
    <Channel>System</Channel>
    <Computer>DESKTOP-MEHSHLA</Computer>
    <Security />
  </System>
  <EventData>
    <Data>\Device\NDMP2</Data>
    <Data>Intel(R) Dual Band Wireless-AC 3168</Data>
    <Binary>000008000200380000000000591B00400000000000000000000000000000000000000000000000005744525650410000</Binary>
  </EventData>
</Event>

Log Name:      System
Source:        MEIx64
Date:          1/8/2023 9:12:58 PM
Event ID:      2
Task Category: None
Level:         Information
Keywords:      Classic
User:          N/A
Computer:      DESKTOP-MEHSHLA
Description:
Intel(R) Management Engine Interface driver has started successfully.
Event Xml:
<Event xmlns="http://schemas.microsoft.com/win/2004/08/events/event">
  <System>
    <Provider Name="MEIx64" />
    <EventID Qualifiers="16391">2</EventID>
    <Version>0</Version>
    <Level>4</Level>
    <Task>0</Task>
    <Opcode>0</Opcode>
    <Keywords>0x80000000000000</Keywords>
    <TimeCreated SystemTime="2023-01-09T02:12:58.6381012Z" />
    <EventRecordID>5660</EventRecordID>
    <Correlation />
    <Execution ProcessID="4" ThreadID="284" />
    <Channel>System</Channel>
    <Computer>DESKTOP-MEHSHLA</Computer>
    <Security />
  </System>
  <EventData>
    <Data>
    </Data>
    <Binary>00000000010000000000000002000740000000000000000000000000000000000000000000000000</Binary>
  </EventData>
</Event>

Log Name:      System
Source:        Netwtw04
Date:          1/8/2023 9:12:58 PM
Event ID:      7036
Task Category: None
Level:         Information
Keywords:      Classic
User:          N/A
Computer:      DESKTOP-MEHSHLA
Description:
The \Device\NDMP2 service entered the Intel(R) Dual Band Wireless-AC 3168 state.
Event Xml:
<Event xmlns="http://schemas.microsoft.com/win/2004/08/events/event">
  <System>
    <Provider Name="Netwtw04" />
    <EventID Qualifiers="16384">7036</EventID>
    <Version>0</Version>
    <Level>4</Level>
    <Task>0</Task>
    <Opcode>0</Opcode>
    <Keywords>0x80000000000000</Keywords>
    <TimeCreated SystemTime="2023-01-09T02:12:58.6381012Z" />
    <EventRecordID>5659</EventRecordID>
    <Correlation />
    <Execution ProcessID="4" ThreadID="284" />
    <Channel>System</Channel>
    <Computer>DESKTOP-MEHSHLA</Computer>
    <Security />
  </System>
  <EventData>
    <Data>\Device\NDMP2</Data>
    <Data>Intel(R) Dual Band Wireless-AC 3168</Data>
    <Binary>0000080002003800000000007C1B004000000000000000000000000000000000000000000000000057445256AE000000</Binary>
  </EventData>
</Event>

Log Name:      System
Source:        Microsoft-Windows-Kernel-Processor-Power
Date:          1/8/2023 9:12:58 PM
Event ID:      55
Task Category: (47)
Level:         Information
Keywords:      
User:          SYSTEM
Computer:      DESKTOP-MEHSHLA
Description:
Processor 3 in group 0 exposes the following power management capabilities:

Idle state type: ACPI Idle (C) States (3 state(s))

Performance state type: ACPI Performance (P) / Throttle (T) States
Nominal Frequency (MHz): 3001
Maximum performance percentage: 100
Minimum performance percentage: 26
Minimum throttle percentage: 26
Event Xml:
<Event xmlns="http://schemas.microsoft.com/win/2004/08/events/event">
  <System>
    <Provider Name="Microsoft-Windows-Kernel-Processor-Power" Guid="{0f67e49f-fe51-4e9f-b490-6f2948cc6027}" />
    <EventID>55</EventID>
    <Version>0</Version>
    <Level>4</Level>
    <Task>47</Task>
    <Opcode>0</Opcode>
    <Keywords>0x8000000000000000</Keywords>
    <TimeCreated SystemTime="2023-01-09T02:12:58.4269063Z" />
    <EventRecordID>5658</EventRecordID>
    <Correlation />
    <Execution ProcessID="4" ThreadID="424" />
    <Channel>System</Channel>
    <Computer>DESKTOP-MEHSHLA</Computer>
    <Security UserID="S-1-5-18" />
  </System>
  <EventData>
    <Data Name="Group">0</Data>
    <Data Name="Number">3</Data>
    <Data Name="IdleStateCount">3</Data>
    <Data Name="IdleImplementation">1</Data>
    <Data Name="NominalFrequency">3001</Data>
    <Data Name="MaximumPerformancePercent">100</Data>
    <Data Name="MinimumPerformancePercent">26</Data>
    <Data Name="MinimumThrottlePercent">26</Data>
    <Data Name="PerformanceImplementation">1</Data>
  </EventData>
</Event>

Log Name:      System
Source:        Microsoft-Windows-Kernel-Processor-Power
Date:          1/8/2023 9:12:58 PM
Event ID:      55
Task Category: (47)
Level:         Information
Keywords:      
User:          SYSTEM
Computer:      DESKTOP-MEHSHLA
Description:
Processor 2 in group 0 exposes the following power management capabilities:

Idle state type: ACPI Idle (C) States (3 state(s))

Performance state type: ACPI Performance (P) / Throttle (T) States
Nominal Frequency (MHz): 3001
Maximum performance percentage: 100
Minimum performance percentage: 26
Minimum throttle percentage: 26
Event Xml:
<Event xmlns="http://schemas.microsoft.com/win/2004/08/events/event">
  <System>
    <Provider Name="Microsoft-Windows-Kernel-Processor-Power" Guid="{0f67e49f-fe51-4e9f-b490-6f2948cc6027}" />
    <EventID>55</EventID>
    <Version>0</Version>
    <Level>4</Level>
    <Task>47</Task>
    <Opcode>0</Opcode>
    <Keywords>0x8000000000000000</Keywords>
    <TimeCreated SystemTime="2023-01-09T02:12:58.4255031Z" />
    <EventRecordID>5657</EventRecordID>
    <Correlation />
    <Execution ProcessID="4" ThreadID="424" />
    <Channel>System</Channel>
    <Computer>DESKTOP-MEHSHLA</Computer>
    <Security UserID="S-1-5-18" />
  </System>
  <EventData>
    <Data Name="Group">0</Data>
    <Data Name="Number">2</Data>
    <Data Name="IdleStateCount">3</Data>
    <Data Name="IdleImplementation">1</Data>
    <Data Name="NominalFrequency">3001</Data>
    <Data Name="MaximumPerformancePercent">100</Data>
    <Data Name="MinimumPerformancePercent">26</Data>
    <Data Name="MinimumThrottlePercent">26</Data>
    <Data Name="PerformanceImplementation">1</Data>
  </EventData>
</Event>

Log Name:      System
Source:        Microsoft-Windows-Kernel-Processor-Power
Date:          1/8/2023 9:12:58 PM
Event ID:      55
Task Category: (47)
Level:         Information
Keywords:      
User:          SYSTEM
Computer:      DESKTOP-MEHSHLA
Description:
Processor 1 in group 0 exposes the following power management capabilities:

Idle state type: ACPI Idle (C) States (3 state(s))

Performance state type: ACPI Performance (P) / Throttle (T) States
Nominal Frequency (MHz): 3001
Maximum performance percentage: 100
Minimum performance percentage: 26
Minimum throttle percentage: 26
Event Xml:
<Event xmlns="http://schemas.microsoft.com/win/2004/08/events/event">
  <System>
    <Provider Name="Microsoft-Windows-Kernel-Processor-Power" Guid="{0f67e49f-fe51-4e9f-b490-6f2948cc6027}" />
    <EventID>55</EventID>
    <Version>0</Version>
    <Level>4</Level>
    <Task>47</Task>
    <Opcode>0</Opcode>
    <Keywords>0x8000000000000000</Keywords>
    <TimeCreated SystemTime="2023-01-09T02:12:58.4246749Z" />
    <EventRecordID>5656</EventRecordID>
    <Correlation />
    <Execution ProcessID="4" ThreadID="424" />
    <Channel>System</Channel>
    <Computer>DESKTOP-MEHSHLA</Computer>
    <Security UserID="S-1-5-18" />
  </System>
  <EventData>
    <Data Name="Group">0</Data>
    <Data Name="Number">1</Data>
    <Data Name="IdleStateCount">3</Data>
    <Data Name="IdleImplementation">1</Data>
    <Data Name="NominalFrequency">3001</Data>
    <Data Name="MaximumPerformancePercent">100</Data>
    <Data Name="MinimumPerformancePercent">26</Data>
    <Data Name="MinimumThrottlePercent">26</Data>
    <Data Name="PerformanceImplementation">1</Data>
  </EventData>
</Event>

Log Name:      System
Source:        Microsoft-Windows-Kernel-Processor-Power
Date:          1/8/2023 9:12:58 PM
Event ID:      55
Task Category: (47)
Level:         Information
Keywords:      
User:          SYSTEM
Computer:      DESKTOP-MEHSHLA
Description:
Processor 0 in group 0 exposes the following power management capabilities:

Idle state type: ACPI Idle (C) States (3 state(s))

Performance state type: ACPI Performance (P) / Throttle (T) States
Nominal Frequency (MHz): 3001
Maximum performance percentage: 100
Minimum performance percentage: 26
Minimum throttle percentage: 26
Event Xml:
<Event xmlns="http://schemas.microsoft.com/win/2004/08/events/event">
  <System>
    <Provider Name="Microsoft-Windows-Kernel-Processor-Power" Guid="{0f67e49f-fe51-4e9f-b490-6f2948cc6027}" />
    <EventID>55</EventID>
    <Version>0</Version>
    <Level>4</Level>
    <Task>47</Task>
    <Opcode>0</Opcode>
    <Keywords>0x8000000000000000</Keywords>
    <TimeCreated SystemTime="2023-01-09T02:12:58.4106787Z" />
    <EventRecordID>5655</EventRecordID>
    <Correlation />
    <Execution ProcessID="4" ThreadID="424" />
    <Channel>System</Channel>
    <Computer>DESKTOP-MEHSHLA</Computer>
    <Security UserID="S-1-5-18" />
  </System>
  <EventData>
    <Data Name="Group">0</Data>
    <Data Name="Number">0</Data>
    <Data Name="IdleStateCount">3</Data>
    <Data Name="IdleImplementation">1</Data>
    <Data Name="NominalFrequency">3001</Data>
    <Data Name="MaximumPerformancePercent">100</Data>
    <Data Name="MinimumPerformancePercent">26</Data>
    <Data Name="MinimumThrottlePercent">26</Data>
    <Data Name="PerformanceImplementation">1</Data>
  </EventData>
</Event>

Log Name:      System
Source:        mrcbt
Date:          1/8/2023 9:12:55 PM
Event ID:      2008
Task Category: None
Level:         Error
Keywords:      
User:          SYSTEM
Computer:      DESKTOP-MEHSHLA
Description:
The previous session did not finalize the tracking file on device \Device\HarddiskVolume2 (B:). The tracking file has been reset.
Event Xml:
<Event xmlns="http://schemas.microsoft.com/win/2004/08/events/event">
  <System>
    <Provider Name="mrcbt" Guid="{288fcfb2-caa0-44ff-b663-5336d63f6860}" />
    <EventID>2008</EventID>
    <Version>0</Version>
    <Level>2</Level>
    <Task>0</Task>
    <Opcode>0</Opcode>
    <Keywords>0x8000000000000000</Keywords>
    <TimeCreated SystemTime="2023-01-09T02:12:55.1330912Z" />
    <EventRecordID>5654</EventRecordID>
    <Correlation />
    <Execution ProcessID="4" ThreadID="284" />
    <Channel>System</Channel>
    <Computer>DESKTOP-MEHSHLA</Computer>
    <Security UserID="S-1-5-18" />
  </System>
  <EventData>
    <Data Name="DeviceName">\Device\HarddiskVolume2 (B:)</Data>
  </EventData>
</Event>

Log Name:      System
Source:        mrcbt
Date:          1/8/2023 9:12:55 PM
Event ID:      1001
Task Category: None
Level:         Information
Keywords:      
User:          SYSTEM
Computer:      DESKTOP-MEHSHLA
Description:
Received GUID_IO_VOLUME_MOUNT for device \Device\HarddiskVolume2 (B:)
Event Xml:
<Event xmlns="http://schemas.microsoft.com/win/2004/08/events/event">
  <System>
    <Provider Name="mrcbt" Guid="{288fcfb2-caa0-44ff-b663-5336d63f6860}" />
    <EventID>1001</EventID>
    <Version>0</Version>
    <Level>4</Level>
    <Task>0</Task>
    <Opcode>0</Opcode>
    <Keywords>0x8000000000000000</Keywords>
    <TimeCreated SystemTime="2023-01-09T02:12:55.0660235Z" />
    <EventRecordID>5653</EventRecordID>
    <Correlation />
    <Execution ProcessID="4" ThreadID="284" />
    <Channel>System</Channel>
    <Computer>DESKTOP-MEHSHLA</Computer>
    <Security UserID="S-1-5-18" />
  </System>
  <EventData>
    <Data Name="DeviceName">\Device\HarddiskVolume2 (B:)</Data>
  </EventData>
</Event>

Log Name:      System
Source:        Microsoft-Windows-Ntfs
Date:          1/8/2023 9:12:55 PM
Event ID:      98
Task Category: None
Level:         Information
Keywords:      (2)
User:          SYSTEM
Computer:      DESKTOP-MEHSHLA
Description:
Volume B: (\Device\HarddiskVolume2) is healthy.  No action is needed.
Event Xml:
<Event xmlns="http://schemas.microsoft.com/win/2004/08/events/event">
  <System>
    <Provider Name="Microsoft-Windows-Ntfs" Guid="{3ff37a1c-a68d-4d6e-8c9b-f79e8b16c482}" />
    <EventID>98</EventID>
    <Version>0</Version>
    <Level>4</Level>
    <Task>0</Task>
    <Opcode>0</Opcode>
    <Keywords>0x8000000000000002</Keywords>
    <TimeCreated SystemTime="2023-01-09T02:12:55.0593305Z" />
    <EventRecordID>5652</EventRecordID>
    <Correlation />
    <Execution ProcessID="4" ThreadID="432" />
    <Channel>System</Channel>
    <Computer>DESKTOP-MEHSHLA</Computer>
    <Security UserID="S-1-5-18" />
  </System>
  <EventData>
    <Data Name="DriveName">B:</Data>
    <Data Name="DeviceName">\Device\HarddiskVolume2</Data>
    <Data Name="CorruptionActionState">0</Data>
  </EventData>
</Event>

Log Name:      System
Source:        mrcbt
Date:          1/8/2023 9:12:54 PM
Event ID:      5002
Task Category: None
Level:         Information
Keywords:      
User:          N/A
Computer:      DESKTOP-MEHSHLA
Description:
The size of the $LogFile on device \Device\HarddiskVolume2 (B:) is 0x4000000 bytes with 0x1 fragments
Event Xml:
<Event xmlns="http://schemas.microsoft.com/win/2004/08/events/event">
  <System>
    <Provider Name="mrcbt" Guid="{288fcfb2-caa0-44ff-b663-5336d63f6860}" />
    <EventID>5002</EventID>
    <Version>0</Version>
    <Level>4</Level>
    <Task>0</Task>
    <Opcode>0</Opcode>
    <Keywords>0x8000000000000000</Keywords>
    <TimeCreated SystemTime="2023-01-09T02:12:54.8539829Z" />
    <EventRecordID>5651</EventRecordID>
    <Correlation />
    <Execution ProcessID="4" ThreadID="444" />
    <Channel>System</Channel>
    <Computer>DESKTOP-MEHSHLA</Computer>
    <Security />
  </System>
  <EventData>
    <Data Name="DeviceName">\Device\HarddiskVolume2 (B:)</Data>
    <Data Name="Size">0x4000000</Data>
    <Data Name="Fragments">0x1</Data>
  </EventData>
</Event>

Log Name:      System
Source:        mrcbt
Date:          1/8/2023 9:12:54 PM
Event ID:      5007
Task Category: None
Level:         Information
Keywords:      
User:          N/A
Computer:      DESKTOP-MEHSHLA
Description:
CurrentLcn=0, CurrentVcn=0, LcnBytes=3, VcnBytes=2
Event Xml:
<Event xmlns="http://schemas.microsoft.com/win/2004/08/events/event">
  <System>
    <Provider Name="mrcbt" Guid="{288fcfb2-caa0-44ff-b663-5336d63f6860}" />
    <EventID>5007</EventID>
    <Version>0</Version>
    <Level>4</Level>
    <Task>0</Task>
    <Opcode>0</Opcode>
    <Keywords>0x8000000000000000</Keywords>
    <TimeCreated SystemTime="2023-01-09T02:12:54.8539814Z" />
    <EventRecordID>5650</EventRecordID>
    <Correlation />
    <Execution ProcessID="4" ThreadID="444" />
    <Channel>System</Channel>
    <Computer>DESKTOP-MEHSHLA</Computer>
    <Security />
  </System>
  <EventData>
    <Data Name="CurrentLcn">0</Data>
    <Data Name="CurrentVcn">0</Data>
    <Data Name="LcnBytes">3</Data>
    <Data Name="VcnBytes">2</Data>
  </EventData>
</Event>

Log Name:      System
Source:        mrcbt
Date:          1/8/2023 9:12:54 PM
Event ID:      5006
Task Category: None
Level:         Information
Keywords:      
User:          N/A
Computer:      DESKTOP-MEHSHLA
Description:
MappingPairsLength=8
Event Xml:
<Event xmlns="http://schemas.microsoft.com/win/2004/08/events/event">
  <System>
    <Provider Name="mrcbt" Guid="{288fcfb2-caa0-44ff-b663-5336d63f6860}" />
    <EventID>5006</EventID>
    <Version>0</Version>
    <Level>4</Level>
    <Task>0</Task>
    <Opcode>0</Opcode>
    <Keywords>0x8000000000000000</Keywords>
    <TimeCreated SystemTime="2023-01-09T02:12:54.8539811Z" />
    <EventRecordID>5649</EventRecordID>
    <Correlation />
    <Execution ProcessID="4" ThreadID="444" />
    <Channel>System</Channel>
    <Computer>DESKTOP-MEHSHLA</Computer>
    <Security />
  </System>
  <EventData>
    <Data Name="Length">8</Data>
  </EventData>
</Event>

Log Name:      System
Source:        Microsoft-Windows-Kernel-Power
Date:          1/8/2023 9:12:54 PM
Event ID:      172
Task Category: (203)
Level:         Information
Keywords:      (1024),(4)
User:          SYSTEM
Computer:      DESKTOP-MEHSHLA
Description:
Connectivity state in standby: Disconnected, Reason: NIC compliance
Event Xml:
<Event xmlns="http://schemas.microsoft.com/win/2004/08/events/event">
  <System>
    <Provider Name="Microsoft-Windows-Kernel-Power" Guid="{331c3b3a-2005-44c2-ac5e-77220c37d6b4}" />
    <EventID>172</EventID>
    <Version>0</Version>
    <Level>4</Level>
    <Task>203</Task>
    <Opcode>0</Opcode>
    <Keywords>0x8000000000000404</Keywords>
    <TimeCreated SystemTime="2023-01-09T02:12:54.6982919Z" />
    <EventRecordID>5648</EventRecordID>
    <Correlation />
    <Execution ProcessID="4" ThreadID="224" />
    <Channel>System</Channel>
    <Computer>DESKTOP-MEHSHLA</Computer>
    <Security UserID="S-1-5-18" />
  </System>
  <EventData>
    <Data Name="State">2</Data>
    <Data Name="Reason">6</Data>
  </EventData>
</Event>

Log Name:      System
Source:        Microsoft-Windows-Kernel-Power
Date:          1/8/2023 9:12:54 PM
Event ID:      41
Task Category: (63)
Level:         Critical
Keywords:      (70368744177664),(2)
User:          SYSTEM
Computer:      DESKTOP-MEHSHLA
Description:
The system has rebooted without cleanly shutting down first. This error could be caused if the system stopped responding, crashed, or lost power unexpectedly.
Event Xml:
<Event xmlns="http://schemas.microsoft.com/win/2004/08/events/event">
  <System>
    <Provider Name="Microsoft-Windows-Kernel-Power" Guid="{331c3b3a-2005-44c2-ac5e-77220c37d6b4}" />
    <EventID>41</EventID>
    <Version>8</Version>
    <Level>1</Level>
    <Task>63</Task>
    <Opcode>0</Opcode>
    <Keywords>0x8000400000000002</Keywords>
    <TimeCreated SystemTime="2023-01-09T02:12:54.6978398Z" />
    <EventRecordID>5647</EventRecordID>
    <Correlation />
    <Execution ProcessID="4" ThreadID="8" />
    <Channel>System</Channel>
    <Computer>DESKTOP-MEHSHLA</Computer>
    <Security UserID="S-1-5-18" />
  </System>
  <EventData>
    <Data Name="BugcheckCode">307</Data>
    <Data Name="BugcheckParameter1">0x0</Data>
    <Data Name="BugcheckParameter2">0x501</Data>
    <Data Name="BugcheckParameter3">0x500</Data>
    <Data Name="BugcheckParameter4">0xfffff800648fb320</Data>
    <Data Name="SleepInProgress">0</Data>
    <Data Name="PowerButtonTimestamp">0</Data>
    <Data Name="BootAppStatus">0</Data>
    <Data Name="Checkpoint">0</Data>
    <Data Name="ConnectedStandbyInProgress">false</Data>
    <Data Name="SystemSleepTransitionsToOn">0</Data>
    <Data Name="CsEntryScenarioInstanceId">0</Data>
    <Data Name="BugcheckInfoFromEFI">false</Data>
    <Data Name="CheckpointStatus">0</Data>
    <Data Name="CsEntryScenarioInstanceIdV2">0</Data>
    <Data Name="LongPowerButtonPressDetected">false</Data>
  </EventData>
</Event>

