Log Name:      System
Source:        Microsoft-Windows-Kernel-Boot
Date:          1/8/2023 9:12:45 PM
Event ID:      18
Task Category: (57)
Level:         Information
Keywords:      
User:          SYSTEM
Computer:      DESKTOP-MEHSHLA
Description:
There are 0x1 boot options on this system.
Event Xml:
<Event xmlns="http://schemas.microsoft.com/win/2004/08/events/event">
  <System>
    <Provider Name="Microsoft-Windows-Kernel-Boot" Guid="{15ca44ff-4d7a-4baa-bba5-0998955e531e}" />
    <EventID>18</EventID>
    <Version>0</Version>
    <Level>4</Level>
    <Task>57</Task>
    <Opcode>0</Opcode>
    <Keywords>0x8000000000000000</Keywords>
    <TimeCreated SystemTime="2023-01-09T02:12:45.8756008Z" />
    <EventRecordID>5602</EventRecordID>
    <Correlation />
    <Execution ProcessID="4" ThreadID="8" />
    <Channel>System</Channel>
    <Computer>DESKTOP-MEHSHLA</Computer>
    <Security UserID="S-1-5-18" />
  </System>
  <EventData>
    <Data Name="EntryCount">1</Data>
  </EventData>
</Event>

Log Name:      System
Source:        Microsoft-Windows-Kernel-Boot
Date:          1/8/2023 9:12:45 PM
Event ID:      153
Task Category: (62)
Level:         Information
Keywords:      
User:          SYSTEM
Computer:      DESKTOP-MEHSHLA
Description:
Virtualization-based security (policies: 0) is disabled.
Event Xml:
<Event xmlns="http://schemas.microsoft.com/win/2004/08/events/event">
  <System>
    <Provider Name="Microsoft-Windows-Kernel-Boot" Guid="{15ca44ff-4d7a-4baa-bba5-0998955e531e}" />
    <EventID>153</EventID>
    <Version>0</Version>
    <Level>4</Level>
    <Task>62</Task>
    <Opcode>0</Opcode>
    <Keywords>0x8000000000000000</Keywords>
    <TimeCreated SystemTime="2023-01-09T02:12:45.8755410Z" />
    <EventRecordID>5601</EventRecordID>
    <Correlation />
    <Execution ProcessID="4" ThreadID="8" />
    <Channel>System</Channel>
    <Computer>DESKTOP-MEHSHLA</Computer>
    <Security UserID="S-1-5-18" />
  </System>
  <EventData>
    <Data Name="Status">0</Data>
    <Data Name="EnableDisableReason">0</Data>
    <Data Name="VsmPolicy">0</Data>
  </EventData>
</Event>

Log Name:      System
Source:        EventLog
Date:          1/8/2023 9:13:20 PM
Event ID:      6013
Task Category: None
Level:         Information
Keywords:      Classic
User:          N/A
Computer:      DESKTOP-MEHSHLA
Description:
The system uptime is 34 seconds.
Event Xml:
<Event xmlns="http://schemas.microsoft.com/win/2004/08/events/event">
  <System>
    <Provider Name="EventLog" />
    <EventID Qualifiers="32768">6013</EventID>
    <Version>0</Version>
    <Level>4</Level>
    <Task>0</Task>
    <Opcode>0</Opcode>
    <Keywords>0x80000000000000</Keywords>
    <TimeCreated SystemTime="2023-01-09T02:13:20.0435639Z" />
    <EventRecordID>5600</EventRecordID>
    <Correlation />
    <Execution ProcessID="0" ThreadID="0" />
    <Channel>System</Channel>
    <Computer>DESKTOP-MEHSHLA</Computer>
    <Security />
  </System>
  <EventData>
    <Data>
    </Data>
    <Data>
    </Data>
    <Data>
    </Data>
    <Data>
    </Data>
    <Data>34</Data>
    <Data>60</Data>
    <Data>300 Eastern Standard Time</Data>
    <Binary>31002E003100000030000000570069006E0064006F0077007300200031003000200048006F006D0065000000310030002E0030002E003100390030003400350020004200750069006C0064002000310039003000340035002000200000004D0075006C0074006900700072006F0063006500730073006F007200200046007200650065000000310039003000340031002E00760062005F00720065006C0065006100730065002E003100390031003200300036002D00310034003000360000003600330037003100360039006300640000004E006F007400200041007600610069006C00610062006C00650000004E006F007400200041007600610069006C00610062006C0065000000390000003400000031003600330032003000000034003000390000004400450053004B0054004F0050002D004D0045004800530048004C00410000000000</Binary>
  </EventData>
</Event>

Log Name:      System
Source:        EventLog
Date:          1/8/2023 9:13:20 PM
Event ID:      6005
Task Category: None
Level:         Information
Keywords:      Classic
User:          N/A
Computer:      DESKTOP-MEHSHLA
Description:
The Event log service was started.
Event Xml:
<Event xmlns="http://schemas.microsoft.com/win/2004/08/events/event">
  <System>
    <Provider Name="EventLog" />
    <EventID Qualifiers="32768">6005</EventID>
    <Version>0</Version>
    <Level>4</Level>
    <Task>0</Task>
    <Opcode>0</Opcode>
    <Keywords>0x80000000000000</Keywords>
    <TimeCreated SystemTime="2023-01-09T02:13:20.0435639Z" />
    <EventRecordID>5599</EventRecordID>
    <Correlation />
    <Execution ProcessID="0" ThreadID="0" />
    <Channel>System</Channel>
    <Computer>DESKTOP-MEHSHLA</Computer>
    <Security />
  </System>
  <EventData>
    <Binary>E70701000100090002000D0014002B000000000000000000</Binary>
  </EventData>
</Event>

Log Name:      System
Source:        EventLog
Date:          1/8/2023 9:13:20 PM
Event ID:      6009
Task Category: None
Level:         Information
Keywords:      Classic
User:          N/A
Computer:      DESKTOP-MEHSHLA
Description:
Microsoft (R) Windows (R) 10.00. 19045  Multiprocessor Free.
Event Xml:
<Event xmlns="http://schemas.microsoft.com/win/2004/08/events/event">
  <System>
    <Provider Name="EventLog" />
    <EventID Qualifiers="32768">6009</EventID>
    <Version>0</Version>
    <Level>4</Level>
    <Task>0</Task>
    <Opcode>0</Opcode>
    <Keywords>0x80000000000000</Keywords>
    <TimeCreated SystemTime="2023-01-09T02:13:20.0435639Z" />
    <EventRecordID>5598</EventRecordID>
    <Correlation />
    <Execution ProcessID="0" ThreadID="0" />
    <Channel>System</Channel>
    <Computer>DESKTOP-MEHSHLA</Computer>
    <Security />
  </System>
  <EventData>
    <Data>10.00.</Data>
    <Data>19045</Data>
    <Data>
    </Data>
    <Data>Multiprocessor Free</Data>
    <Data>0</Data>
  </EventData>
</Event>

Log Name:      System
Source:        EventLog
Date:          1/8/2023 9:13:20 PM
Event ID:      6008
Task Category: None
Level:         Error
Keywords:      Classic
User:          N/A
Computer:      DESKTOP-MEHSHLA
Description:
The previous system shutdown at 8:43:54 PM on ‎1/‎8/‎2023 was unexpected.
Event Xml:
<Event xmlns="http://schemas.microsoft.com/win/2004/08/events/event">
  <System>
    <Provider Name="EventLog" />
    <EventID Qualifiers="32768">6008</EventID>
    <Version>0</Version>
    <Level>2</Level>
    <Task>0</Task>
    <Opcode>0</Opcode>
    <Keywords>0x80000000000000</Keywords>
    <TimeCreated SystemTime="2023-01-09T02:13:20.0335601Z" />
    <EventRecordID>5597</EventRecordID>
    <Correlation />
    <Execution ProcessID="0" ThreadID="0" />
    <Channel>System</Channel>
    <Computer>DESKTOP-MEHSHLA</Computer>
    <Security />
  </System>
  <EventData>
    <Data>8:43:54 PM</Data>
    <Data>‎1/‎8/‎2023</Data>
    <Data>
    </Data>
    <Data>
    </Data>
    <Data>31237</Data>
    <Data>
    </Data>
    <Data>
    </Data>
    <Binary>E70701000000080014002B003600AE00E70701000100090001002B003600AE00600900003C000000010000006009000001000000B00400000000000000000000</Binary>
  </EventData>
</Event>

Log Name:      System
Source:        Microsoft-Windows-Kernel-General
Date:          1/8/2023 9:12:45 PM
Event ID:      12
Task Category: (1)
Level:         Information
Keywords:      (128)
User:          SYSTEM
Computer:      DESKTOP-MEHSHLA
Description:
The operating system started at system time ‎2023‎-‎01‎-‎09T02:12:45.500000000Z.
Event Xml:
<Event xmlns="http://schemas.microsoft.com/win/2004/08/events/event">
  <System>
    <Provider Name="Microsoft-Windows-Kernel-General" Guid="{a68ca8b7-004f-d7b6-a698-07e2de0f1f5d}" />
    <EventID>12</EventID>
    <Version>0</Version>
    <Level>4</Level>
    <Task>1</Task>
    <Opcode>0</Opcode>
    <Keywords>0x8000000000000080</Keywords>
    <TimeCreated SystemTime="2023-01-09T02:12:45.8754705Z" />
    <EventRecordID>5596</EventRecordID>
    <Correlation />
    <Execution ProcessID="4" ThreadID="8" />
    <Channel>System</Channel>
    <Computer>DESKTOP-MEHSHLA</Computer>
    <Security UserID="S-1-5-18" />
  </System>
  <EventData>
    <Data Name="MajorVersion">10</Data>
    <Data Name="MinorVersion">0</Data>
    <Data Name="BuildVersion">19041</Data>
    <Data Name="QfeVersion">2364</Data>
    <Data Name="ServiceVersion">0</Data>
    <Data Name="BootMode">0</Data>
    <Data Name="StartTime">2023-01-09T02:12:45.5000000Z</Data>
  </EventData>
</Event>
