Log Name:      System
Source:        Microsoft-Windows-DistributedCOM
Date:          1/8/2023 9:26:13 PM
Event ID:      10016
Task Category: None
Level:         Warning
Keywords:      Classic
User:          DESKTOP-MEHSHLA\Zrive
Computer:      DESKTOP-MEHSHLA
Description:
The application-specific permission settings do not grant Local Activation permission for the COM Server application with CLSID 
{2593F8B9-4EAF-457C-B68A-50F6B8EA6B54}
 and APPID 
{15C20B67-12E7-4BB6-92BB-7AFF07997402}
 to the user DESKTOP-MEHSHLA\Zrive SID (S-1-5-21-2364521624-3794163847-1711421936-1001) from address LocalHost (Using LRPC) running in the application container Unavailable SID (Unavailable). This security permission can be modified using the Component Services administrative tool.
Event Xml:
<Event xmlns="http://schemas.microsoft.com/win/2004/08/events/event">
  <System>
    <Provider Name="Microsoft-Windows-DistributedCOM" Guid="{1B562E86-B7AA-4131-BADC-B6F3A001407E}" EventSourceName="DCOM" />
    <EventID Qualifiers="0">10016</EventID>
    <Version>0</Version>
    <Level>3</Level>
    <Task>0</Task>
    <Opcode>0</Opcode>
    <Keywords>0x8080000000000000</Keywords>
    <TimeCreated SystemTime="2023-01-09T02:26:13.2703026Z" />
    <EventRecordID>5721</EventRecordID>
    <Correlation ActivityID="{e4d99138-e442-4d29-a59b-96c795bb9c25}" />
    <Execution ProcessID="1056" ThreadID="8384" />
    <Channel>System</Channel>
    <Computer>DESKTOP-MEHSHLA</Computer>
    <Security UserID="S-1-5-21-2364521624-3794163847-1711421936-1001" />
  </System>
  <EventData>
    <Data Name="param1">application-specific</Data>
    <Data Name="param2">Local</Data>
    <Data Name="param3">Activation</Data>
    <Data Name="param4">{2593F8B9-4EAF-457C-B68A-50F6B8EA6B54}</Data>
    <Data Name="param5">{15C20B67-12E7-4BB6-92BB-7AFF07997402}</Data>
    <Data Name="param6">DESKTOP-MEHSHLA</Data>
    <Data Name="param7">Zrive</Data>
    <Data Name="param8">S-1-5-21-2364521624-3794163847-1711421936-1001</Data>
    <Data Name="param9">LocalHost (Using LRPC)</Data>
    <Data Name="param10">Unavailable</Data>
    <Data Name="param11">Unavailable</Data>
  </EventData>
</Event>

Log Name:      System
Source:        Microsoft-Windows-WindowsUpdateClient
Date:          1/8/2023 9:25:36 PM
Event ID:      19
Task Category: Windows Update Agent
Level:         Information
Keywords:      Installation,Installation
User:          SYSTEM
Computer:      DESKTOP-MEHSHLA
Description:
Installation Successful: Windows successfully installed the following update: Security Intelligence Update for Microsoft Defender Antivirus - KB2267602 (Version 1.381.1936.0)
Event Xml:
<Event xmlns="http://schemas.microsoft.com/win/2004/08/events/event">
  <System>
    <Provider Name="Microsoft-Windows-WindowsUpdateClient" Guid="{945a8954-c147-4acd-923f-40c45405a658}" />
    <EventID>19</EventID>
    <Version>1</Version>
    <Level>4</Level>
    <Task>1</Task>
    <Opcode>13</Opcode>
    <Keywords>0x8000000000000018</Keywords>
    <TimeCreated SystemTime="2023-01-09T02:25:36.3305436Z" />
    <EventRecordID>5720</EventRecordID>
    <Correlation />
    <Execution ProcessID="1732" ThreadID="11076" />
    <Channel>System</Channel>
    <Computer>DESKTOP-MEHSHLA</Computer>
    <Security UserID="S-1-5-18" />
  </System>
  <EventData>
    <Data Name="updateTitle">Security Intelligence Update for Microsoft Defender Antivirus - KB2267602 (Version 1.381.1936.0)</Data>
    <Data Name="updateGuid">{d96ffca8-608c-4904-af39-5fedf08f3181}</Data>
    <Data Name="updateRevisionNumber">200</Data>
    <Data Name="serviceGuid">{9482f4b4-e343-43b6-b170-9a65bc822c77}</Data>
  </EventData>
</Event>

Log Name:      System
Source:        Service Control Manager
Date:          1/8/2023 9:25:35 PM
Event ID:      7045
Task Category: None
Level:         Information
Keywords:      Classic
User:          SYSTEM
Computer:      DESKTOP-MEHSHLA
Description:
A service was installed in the system.

Service Name:  MpKslaf4b491d
Service File Name:  C:\ProgramData\Microsoft\Windows Defender\Definition Updates\{0C30E0E6-925D-4393-859E-461320EBB7C9}\MpKslDrv.sys
Service Type:  kernel mode driver
Service Start Type:  demand start
Service Account:  
Event Xml:
<Event xmlns="http://schemas.microsoft.com/win/2004/08/events/event">
  <System>
    <Provider Name="Service Control Manager" Guid="{555908d1-a6d7-4695-8e1e-26931d2012f4}" EventSourceName="Service Control Manager" />
    <EventID Qualifiers="16384">7045</EventID>
    <Version>0</Version>
    <Level>4</Level>
    <Task>0</Task>
    <Opcode>0</Opcode>
    <Keywords>0x8080000000000000</Keywords>
    <TimeCreated SystemTime="2023-01-09T02:25:35.9480147Z" />
    <EventRecordID>5719</EventRecordID>
    <Correlation />
    <Execution ProcessID="868" ThreadID="3144" />
    <Channel>System</Channel>
    <Computer>DESKTOP-MEHSHLA</Computer>
    <Security UserID="S-1-5-18" />
  </System>
  <EventData>
    <Data Name="ServiceName">MpKslaf4b491d</Data>
    <Data Name="ImagePath">C:\ProgramData\Microsoft\Windows Defender\Definition Updates\{0C30E0E6-925D-4393-859E-461320EBB7C9}\MpKslDrv.sys</Data>
    <Data Name="ServiceType">kernel mode driver</Data>
    <Data Name="StartType">demand start</Data>
    <Data Name="AccountName">
    </Data>
  </EventData>
</Event>

Log Name:      System
Source:        Microsoft-Windows-WindowsUpdateClient
Date:          1/8/2023 9:25:25 PM
Event ID:      43
Task Category: Windows Update Agent
Level:         Information
Keywords:      Installation,Installation
User:          SYSTEM
Computer:      DESKTOP-MEHSHLA
Description:
Installation Started: Windows has started installing the following update: Security Intelligence Update for Microsoft Defender Antivirus - KB2267602 (Version 1.381.1936.0)
Event Xml:
<Event xmlns="http://schemas.microsoft.com/win/2004/08/events/event">
  <System>
    <Provider Name="Microsoft-Windows-WindowsUpdateClient" Guid="{945a8954-c147-4acd-923f-40c45405a658}" />
    <EventID>43</EventID>
    <Version>1</Version>
    <Level>4</Level>
    <Task>1</Task>
    <Opcode>13</Opcode>
    <Keywords>0x8000000000002008</Keywords>
    <TimeCreated SystemTime="2023-01-09T02:25:25.1220725Z" />
    <EventRecordID>5718</EventRecordID>
    <Correlation />
    <Execution ProcessID="1732" ThreadID="11076" />
    <Channel>System</Channel>
    <Computer>DESKTOP-MEHSHLA</Computer>
    <Security UserID="S-1-5-18" />
  </System>
  <EventData>
    <Data Name="updateTitle">Security Intelligence Update for Microsoft Defender Antivirus - KB2267602 (Version 1.381.1936.0)</Data>
    <Data Name="updateGuid">{d96ffca8-608c-4904-af39-5fedf08f3181}</Data>
    <Data Name="updateRevisionNumber">200</Data>
  </EventData>
</Event>

Log Name:      System
Source:        Microsoft-Windows-WindowsUpdateClient
Date:          1/8/2023 9:25:25 PM
Event ID:      44
Task Category: Windows Update Agent
Level:         Information
Keywords:      Download,Download
User:          SYSTEM
Computer:      DESKTOP-MEHSHLA
Description:
Windows Update started downloading an update.
Event Xml:
<Event xmlns="http://schemas.microsoft.com/win/2004/08/events/event">
  <System>
    <Provider Name="Microsoft-Windows-WindowsUpdateClient" Guid="{945a8954-c147-4acd-923f-40c45405a658}" />
    <EventID>44</EventID>
    <Version>1</Version>
    <Level>4</Level>
    <Task>1</Task>
    <Opcode>12</Opcode>
    <Keywords>0x8000000000002004</Keywords>
    <TimeCreated SystemTime="2023-01-09T02:25:25.1220706Z" />
    <EventRecordID>5717</EventRecordID>
    <Correlation />
    <Execution ProcessID="1732" ThreadID="11076" />
    <Channel>System</Channel>
    <Computer>DESKTOP-MEHSHLA</Computer>
    <Security UserID="S-1-5-18" />
  </System>
  <EventData>
    <Data Name="updateTitle">Security Intelligence Update for Microsoft Defender Antivirus - KB2267602 (Version 1.381.1936.0)</Data>
    <Data Name="updateGuid">{d96ffca8-608c-4904-af39-5fedf08f3181}</Data>
    <Data Name="updateRevisionNumber">200</Data>
  </EventData>
</Event>

Log Name:      System
Source:        Service Control Manager
Date:          1/8/2023 9:25:02 PM
Event ID:      7040
Task Category: None
Level:         Information
Keywords:      Classic
User:          SYSTEM
Computer:      DESKTOP-MEHSHLA
Description:
The start type of the Background Intelligent Transfer Service service was changed from auto start to demand start.
Event Xml:
<Event xmlns="http://schemas.microsoft.com/win/2004/08/events/event">
  <System>
    <Provider Name="Service Control Manager" Guid="{555908d1-a6d7-4695-8e1e-26931d2012f4}" EventSourceName="Service Control Manager" />
    <EventID Qualifiers="16384">7040</EventID>
    <Version>0</Version>
    <Level>4</Level>
    <Task>0</Task>
    <Opcode>0</Opcode>
    <Keywords>0x8080000000000000</Keywords>
    <TimeCreated SystemTime="2023-01-09T02:25:02.3305495Z" />
    <EventRecordID>5716</EventRecordID>
    <Correlation />
    <Execution ProcessID="868" ThreadID="3144" />
    <Channel>System</Channel>
    <Computer>DESKTOP-MEHSHLA</Computer>
    <Security UserID="S-1-5-18" />
  </System>
  <EventData>
    <Data Name="param1">Background Intelligent Transfer Service</Data>
    <Data Name="param2">auto start</Data>
    <Data Name="param3">demand start</Data>
    <Data Name="param4">BITS</Data>
  </EventData>
</Event>

Log Name:      System
Source:        Microsoft-Windows-WER-SystemErrorReporting
Date:          1/8/2023 9:23:15 PM
Event ID:      1001
Task Category: None
Level:         Error
Keywords:      Classic
User:          N/A
Computer:      DESKTOP-MEHSHLA
Description:
The computer has rebooted from a bugcheck.  The bugcheck was: 0x00000133 (0x0000000000000000, 0x0000000000000501, 0x0000000000000500, 0xfffff800648fb320). A dump was saved in: C:\WINDOWS\MEMORY.DMP. Report Id: af5716ad-c5e6-4dd3-aece-f7ecf16dc1d6.
Event Xml:
<Event xmlns="http://schemas.microsoft.com/win/2004/08/events/event">
  <System>
    <Provider Name="Microsoft-Windows-WER-SystemErrorReporting" Guid="{ABCE23E7-DE45-4366-8631-84FA6C525952}" EventSourceName="BugCheck" />
    <EventID Qualifiers="16384">1001</EventID>
    <Version>0</Version>
    <Level>2</Level>
    <Task>0</Task>
    <Opcode>0</Opcode>
    <Keywords>0x80000000000000</Keywords>
    <TimeCreated SystemTime="2023-01-09T02:23:15.3694567Z" />
    <EventRecordID>5715</EventRecordID>
    <Correlation />
    <Execution ProcessID="0" ThreadID="0" />
    <Channel>System</Channel>
    <Computer>DESKTOP-MEHSHLA</Computer>
    <Security />
  </System>
  <EventData>
    <Data Name="param1">0x00000133 (0x0000000000000000, 0x0000000000000501, 0x0000000000000500, 0xfffff800648fb320)</Data>
    <Data Name="param2">C:\WINDOWS\MEMORY.DMP</Data>
    <Data Name="param3">af5716ad-c5e6-4dd3-aece-f7ecf16dc1d6</Data>
  </EventData>
</Event>

Log Name:      System
Source:        Service Control Manager
Date:          1/8/2023 9:22:56 PM
Event ID:      7040
Task Category: None
Level:         Information
Keywords:      Classic
User:          SYSTEM
Computer:      DESKTOP-MEHSHLA
Description:
The start type of the Background Intelligent Transfer Service service was changed from demand start to auto start.
Event Xml:
<Event xmlns="http://schemas.microsoft.com/win/2004/08/events/event">
  <System>
    <Provider Name="Service Control Manager" Guid="{555908d1-a6d7-4695-8e1e-26931d2012f4}" EventSourceName="Service Control Manager" />
    <EventID Qualifiers="16384">7040</EventID>
    <Version>0</Version>
    <Level>4</Level>
    <Task>0</Task>
    <Opcode>0</Opcode>
    <Keywords>0x8080000000000000</Keywords>
    <TimeCreated SystemTime="2023-01-09T02:22:56.3462913Z" />
    <EventRecordID>5714</EventRecordID>
    <Correlation />
    <Execution ProcessID="868" ThreadID="3144" />
    <Channel>System</Channel>
    <Computer>DESKTOP-MEHSHLA</Computer>
    <Security UserID="S-1-5-18" />
  </System>
  <EventData>
    <Data Name="param1">Background Intelligent Transfer Service</Data>
    <Data Name="param2">demand start</Data>
    <Data Name="param3">auto start</Data>
    <Data Name="param4">BITS</Data>
  </EventData>
</Event>

Log Name:      System
Source:        Service Control Manager
Date:          1/8/2023 9:20:38 PM
Event ID:      7022
Task Category: None
Level:         Error
Keywords:      Classic
User:          N/A
Computer:      DESKTOP-MEHSHLA
Description:
The System Guard Runtime Monitor Broker service hung on starting.
Event Xml:
<Event xmlns="http://schemas.microsoft.com/win/2004/08/events/event">
  <System>
    <Provider Name="Service Control Manager" Guid="{555908d1-a6d7-4695-8e1e-26931d2012f4}" EventSourceName="Service Control Manager" />
    <EventID Qualifiers="49152">7022</EventID>
    <Version>0</Version>
    <Level>2</Level>
    <Task>0</Task>
    <Opcode>0</Opcode>
    <Keywords>0x8080000000000000</Keywords>
    <TimeCreated SystemTime="2023-01-09T02:20:38.0252766Z" />
    <EventRecordID>5713</EventRecordID>
    <Correlation />
    <Execution ProcessID="868" ThreadID="1952" />
    <Channel>System</Channel>
    <Computer>DESKTOP-MEHSHLA</Computer>
    <Security />
  </System>
  <EventData>
    <Data Name="param1">System Guard Runtime Monitor Broker</Data>
    <Binary>5300670072006D00420072006F006B00650072000000</Binary>
  </EventData>
</Event>

Log Name:      System
Source:        Service Control Manager
Date:          1/8/2023 9:18:32 PM
Event ID:      7022
Task Category: None
Level:         Error
Keywords:      Classic
User:          N/A
Computer:      DESKTOP-MEHSHLA
Description:
The Downloaded Maps Manager service hung on starting.
Event Xml:
<Event xmlns="http://schemas.microsoft.com/win/2004/08/events/event">
  <System>
    <Provider Name="Service Control Manager" Guid="{555908d1-a6d7-4695-8e1e-26931d2012f4}" EventSourceName="Service Control Manager" />
    <EventID Qualifiers="49152">7022</EventID>
    <Version>0</Version>
    <Level>2</Level>
    <Task>0</Task>
    <Opcode>0</Opcode>
    <Keywords>0x8080000000000000</Keywords>
    <TimeCreated SystemTime="2023-01-09T02:18:32.7272998Z" />
    <EventRecordID>5712</EventRecordID>
    <Correlation />
    <Execution ProcessID="868" ThreadID="1952" />
    <Channel>System</Channel>
    <Computer>DESKTOP-MEHSHLA</Computer>
    <Security />
  </System>
  <EventData>
    <Data Name="param1">Downloaded Maps Manager</Data>
    <Binary>4D00610070007300420072006F006B00650072000000</Binary>
  </EventData>
</Event>

Log Name:      System
Source:        Microsoft-Windows-DistributedCOM
Date:          1/8/2023 9:18:11 PM
Event ID:      10016
Task Category: None
Level:         Warning
Keywords:      Classic
User:          DESKTOP-MEHSHLA\Zrive
Computer:      DESKTOP-MEHSHLA
Description:
The machine-default permission settings do not grant Local Activation permission for the COM Server application with CLSID 
{C2F03A33-21F5-47FA-B4BB-156362A2F239}
 and APPID 
{316CDED5-E4AE-4B15-9113-7055D84DCC97}
 to the user DESKTOP-MEHSHLA\Zrive SID (S-1-5-21-2364521624-3794163847-1711421936-1001) from address LocalHost (Using LRPC) running in the application container Microsoft.Windows.ShellExperienceHost_10.0.19041.1949_neutral_neutral_cw5n1h2txyewy SID (S-1-15-2-155514346-2573954481-755741238-1654018636-1233331829-3075935687-2861478708). This security permission can be modified using the Component Services administrative tool.
Event Xml:
<Event xmlns="http://schemas.microsoft.com/win/2004/08/events/event">
  <System>
    <Provider Name="Microsoft-Windows-DistributedCOM" Guid="{1B562E86-B7AA-4131-BADC-B6F3A001407E}" EventSourceName="DCOM" />
    <EventID Qualifiers="0">10016</EventID>
    <Version>0</Version>
    <Level>3</Level>
    <Task>0</Task>
    <Opcode>0</Opcode>
    <Keywords>0x8080000000000000</Keywords>
    <TimeCreated SystemTime="2023-01-09T02:18:11.2531430Z" />
    <EventRecordID>5711</EventRecordID>
    <Correlation ActivityID="{4d48fed5-22d7-4091-ba1d-7a2d8515030e}" />
    <Execution ProcessID="1056" ThreadID="9352" />
    <Channel>System</Channel>
    <Computer>DESKTOP-MEHSHLA</Computer>
    <Security UserID="S-1-5-21-2364521624-3794163847-1711421936-1001" />
  </System>
  <EventData>
    <Data Name="param1">machine-default</Data>
    <Data Name="param2">Local</Data>
    <Data Name="param3">Activation</Data>
    <Data Name="param4">{C2F03A33-21F5-47FA-B4BB-156362A2F239}</Data>
    <Data Name="param5">{316CDED5-E4AE-4B15-9113-7055D84DCC97}</Data>
    <Data Name="param6">DESKTOP-MEHSHLA</Data>
    <Data Name="param7">Zrive</Data>
    <Data Name="param8">S-1-5-21-2364521624-3794163847-1711421936-1001</Data>
    <Data Name="param9">LocalHost (Using LRPC)</Data>
    <Data Name="param10">Microsoft.Windows.ShellExperienceHost_10.0.19041.1949_neutral_neutral_cw5n1h2txyewy</Data>
    <Data Name="param11">S-1-15-2-155514346-2573954481-755741238-1654018636-1233331829-3075935687-2861478708</Data>
  </EventData>
</Event>

Log Name:      System
Source:        Service Control Manager
Date:          1/8/2023 9:18:03 PM
Event ID:      7045
Task Category: None
Level:         Information
Keywords:      Classic
User:          SYSTEM
Computer:      DESKTOP-MEHSHLA
Description:
A service was installed in the system.

Service Name:  MpKsl4103f70c
Service File Name:  C:\ProgramData\Microsoft\Windows Defender\Definition Updates\{DCB3C8FB-4BD6-4B5B-95BF-319AC0FA00C3}\MpKslDrv.sys
Service Type:  kernel mode driver
Service Start Type:  demand start
Service Account:  
Event Xml:
<Event xmlns="http://schemas.microsoft.com/win/2004/08/events/event">
  <System>
    <Provider Name="Service Control Manager" Guid="{555908d1-a6d7-4695-8e1e-26931d2012f4}" EventSourceName="Service Control Manager" />
    <EventID Qualifiers="16384">7045</EventID>
    <Version>0</Version>
    <Level>4</Level>
    <Task>0</Task>
    <Opcode>0</Opcode>
    <Keywords>0x8080000000000000</Keywords>
    <TimeCreated SystemTime="2023-01-09T02:18:03.1929057Z" />
    <EventRecordID>5710</EventRecordID>
    <Correlation />
    <Execution ProcessID="868" ThreadID="1304" />
    <Channel>System</Channel>
    <Computer>DESKTOP-MEHSHLA</Computer>
    <Security UserID="S-1-5-18" />
  </System>
  <EventData>
    <Data Name="ServiceName">MpKsl4103f70c</Data>
    <Data Name="ImagePath">C:\ProgramData\Microsoft\Windows Defender\Definition Updates\{DCB3C8FB-4BD6-4B5B-95BF-319AC0FA00C3}\MpKslDrv.sys</Data>
    <Data Name="ServiceType">kernel mode driver</Data>
    <Data Name="StartType">demand start</Data>
    <Data Name="AccountName">
    </Data>
  </EventData>
</Event>

Log Name:      System
Source:        Microsoft-Windows-DistributedCOM
Date:          1/8/2023 9:17:52 PM
Event ID:      10016
Task Category: None
Level:         Warning
Keywords:      Classic
User:          DESKTOP-MEHSHLA\Zrive
Computer:      DESKTOP-MEHSHLA
Description:
The application-specific permission settings do not grant Local Activation permission for the COM Server application with CLSID 
{2593F8B9-4EAF-457C-B68A-50F6B8EA6B54}
 and APPID 
{15C20B67-12E7-4BB6-92BB-7AFF07997402}
 to the user DESKTOP-MEHSHLA\Zrive SID (S-1-5-21-2364521624-3794163847-1711421936-1001) from address LocalHost (Using LRPC) running in the application container Unavailable SID (Unavailable). This security permission can be modified using the Component Services administrative tool.
Event Xml:
<Event xmlns="http://schemas.microsoft.com/win/2004/08/events/event">
  <System>
    <Provider Name="Microsoft-Windows-DistributedCOM" Guid="{1B562E86-B7AA-4131-BADC-B6F3A001407E}" EventSourceName="DCOM" />
    <EventID Qualifiers="0">10016</EventID>
    <Version>0</Version>
    <Level>3</Level>
    <Task>0</Task>
    <Opcode>0</Opcode>
    <Keywords>0x8080000000000000</Keywords>
    <TimeCreated SystemTime="2023-01-09T02:17:52.2885128Z" />
    <EventRecordID>5709</EventRecordID>
    <Correlation ActivityID="{4822289a-9760-4b14-a40d-37d6549f84bb}" />
    <Execution ProcessID="1056" ThreadID="4880" />
    <Channel>System</Channel>
    <Computer>DESKTOP-MEHSHLA</Computer>
    <Security UserID="S-1-5-21-2364521624-3794163847-1711421936-1001" />
  </System>
  <EventData>
    <Data Name="param1">application-specific</Data>
    <Data Name="param2">Local</Data>
    <Data Name="param3">Activation</Data>
    <Data Name="param4">{2593F8B9-4EAF-457C-B68A-50F6B8EA6B54}</Data>
    <Data Name="param5">{15C20B67-12E7-4BB6-92BB-7AFF07997402}</Data>
    <Data Name="param6">DESKTOP-MEHSHLA</Data>
    <Data Name="param7">Zrive</Data>
    <Data Name="param8">S-1-5-21-2364521624-3794163847-1711421936-1001</Data>
    <Data Name="param9">LocalHost (Using LRPC)</Data>
    <Data Name="param10">Unavailable</Data>
    <Data Name="param11">Unavailable</Data>
  </EventData>
</Event>

Log Name:      System
Source:        Microsoft-Windows-DistributedCOM
Date:          1/8/2023 9:15:58 PM
Event ID:      10016
Task Category: None
Level:         Warning
Keywords:      Classic
User:          DESKTOP-MEHSHLA\Zrive
Computer:      DESKTOP-MEHSHLA
Description:
The machine-default permission settings do not grant Local Activation permission for the COM Server application with CLSID 
{C2F03A33-21F5-47FA-B4BB-156362A2F239}
 and APPID 
{316CDED5-E4AE-4B15-9113-7055D84DCC97}
 to the user DESKTOP-MEHSHLA\Zrive SID (S-1-5-21-2364521624-3794163847-1711421936-1001) from address LocalHost (Using LRPC) running in the application container Microsoft.Windows.ShellExperienceHost_10.0.19041.1949_neutral_neutral_cw5n1h2txyewy SID (S-1-15-2-155514346-2573954481-755741238-1654018636-1233331829-3075935687-2861478708). This security permission can be modified using the Component Services administrative tool.
Event Xml:
<Event xmlns="http://schemas.microsoft.com/win/2004/08/events/event">
  <System>
    <Provider Name="Microsoft-Windows-DistributedCOM" Guid="{1B562E86-B7AA-4131-BADC-B6F3A001407E}" EventSourceName="DCOM" />
    <EventID Qualifiers="0">10016</EventID>
    <Version>0</Version>
    <Level>3</Level>
    <Task>0</Task>
    <Opcode>0</Opcode>
    <Keywords>0x8080000000000000</Keywords>
    <TimeCreated SystemTime="2023-01-09T02:15:58.5400002Z" />
    <EventRecordID>5708</EventRecordID>
    <Correlation ActivityID="{c9977eda-3aed-4b97-b3a2-68c982c185c3}" />
    <Execution ProcessID="1056" ThreadID="1596" />
    <Channel>System</Channel>
    <Computer>DESKTOP-MEHSHLA</Computer>
    <Security UserID="S-1-5-21-2364521624-3794163847-1711421936-1001" />
  </System>
  <EventData>
    <Data Name="param1">machine-default</Data>
    <Data Name="param2">Local</Data>
    <Data Name="param3">Activation</Data>
    <Data Name="param4">{C2F03A33-21F5-47FA-B4BB-156362A2F239}</Data>
    <Data Name="param5">{316CDED5-E4AE-4B15-9113-7055D84DCC97}</Data>
    <Data Name="param6">DESKTOP-MEHSHLA</Data>
    <Data Name="param7">Zrive</Data>
    <Data Name="param8">S-1-5-21-2364521624-3794163847-1711421936-1001</Data>
    <Data Name="param9">LocalHost (Using LRPC)</Data>
    <Data Name="param10">Microsoft.Windows.ShellExperienceHost_10.0.19041.1949_neutral_neutral_cw5n1h2txyewy</Data>
    <Data Name="param11">S-1-15-2-155514346-2573954481-755741238-1654018636-1233331829-3075935687-2861478708</Data>
  </EventData>
</Event>

Log Name:      System
Source:        Microsoft-Windows-TPM-WMI
Date:          1/8/2023 9:14:27 PM
Event ID:      1025
Task Category: None
Level:         Information
Keywords:      
User:          SYSTEM
Computer:      DESKTOP-MEHSHLA
Description:
The TPM was successfully provisioned and is now ready for use.
Event Xml:
<Event xmlns="http://schemas.microsoft.com/win/2004/08/events/event">
  <System>
    <Provider Name="Microsoft-Windows-TPM-WMI" Guid="{7d5387b0-cbe0-11da-a94d-0800200c9a66}" />
    <EventID>1025</EventID>
    <Version>0</Version>
    <Level>4</Level>
    <Task>0</Task>
    <Opcode>0</Opcode>
    <Keywords>0x8000000000000000</Keywords>
    <TimeCreated SystemTime="2023-01-09T02:14:27.4651505Z" />
    <EventRecordID>5707</EventRecordID>
    <Correlation />
    <Execution ProcessID="7524" ThreadID="1004" />
    <Channel>System</Channel>
    <Computer>DESKTOP-MEHSHLA</Computer>
    <Security UserID="S-1-5-18" />
  </System>
  <EventData>
  </EventData>
</Event>

Log Name:      System
Source:        Microsoft-Windows-TPM-WMI
Date:          1/8/2023 9:14:26 PM
Event ID:      1282
Task Category: None
Level:         Information
Keywords:      
User:          SYSTEM
Computer:      DESKTOP-MEHSHLA
Description:
The TBS device identifier has been generated.
Event Xml:
<Event xmlns="http://schemas.microsoft.com/win/2004/08/events/event">
  <System>
    <Provider Name="Microsoft-Windows-TPM-WMI" Guid="{7d5387b0-cbe0-11da-a94d-0800200c9a66}" />
    <EventID>1282</EventID>
    <Version>0</Version>
    <Level>4</Level>
    <Task>0</Task>
    <Opcode>0</Opcode>
    <Keywords>0x8000000000000000</Keywords>
    <TimeCreated SystemTime="2023-01-09T02:14:26.3462691Z" />
    <EventRecordID>5706</EventRecordID>
    <Correlation />
    <Execution ProcessID="7524" ThreadID="1004" />
    <Channel>System</Channel>
    <Computer>DESKTOP-MEHSHLA</Computer>
    <Security UserID="S-1-5-18" />
  </System>
  <EventData>
  </EventData>
</Event>

Log Name:      System
Source:        Microsoft-Windows-DistributedCOM
Date:          1/8/2023 9:14:21 PM
Event ID:      10016
Task Category: None
Level:         Warning
Keywords:      Classic
User:          LOCAL SERVICE
Computer:      DESKTOP-MEHSHLA
Description:
The application-specific permission settings do not grant Local Activation permission for the COM Server application with CLSID 
{6B3B8D23-FA8D-40B9-8DBD-B950333E2C52}
 and APPID 
{4839DDB7-58C2-48F5-8283-E1D1807D0D7D}
 to the user NT AUTHORITY\LOCAL SERVICE SID (S-1-5-19) from address LocalHost (Using LRPC) running in the application container Unavailable SID (Unavailable). This security permission can be modified using the Component Services administrative tool.
Event Xml:
<Event xmlns="http://schemas.microsoft.com/win/2004/08/events/event">
  <System>
    <Provider Name="Microsoft-Windows-DistributedCOM" Guid="{1B562E86-B7AA-4131-BADC-B6F3A001407E}" EventSourceName="DCOM" />
    <EventID Qualifiers="0">10016</EventID>
    <Version>0</Version>
    <Level>3</Level>
    <Task>0</Task>
    <Opcode>0</Opcode>
    <Keywords>0x8080000000000000</Keywords>
    <TimeCreated SystemTime="2023-01-09T02:14:21.1182919Z" />
    <EventRecordID>5705</EventRecordID>
    <Correlation ActivityID="{b4779802-9e7f-4540-a304-15f4793c7f98}" />
    <Execution ProcessID="1056" ThreadID="2080" />
    <Channel>System</Channel>
    <Computer>DESKTOP-MEHSHLA</Computer>
    <Security UserID="S-1-5-19" />
  </System>
  <EventData>
    <Data Name="param1">application-specific</Data>
    <Data Name="param2">Local</Data>
    <Data Name="param3">Activation</Data>
    <Data Name="param4">{6B3B8D23-FA8D-40B9-8DBD-B950333E2C52}</Data>
    <Data Name="param5">{4839DDB7-58C2-48F5-8283-E1D1807D0D7D}</Data>
    <Data Name="param6">NT AUTHORITY</Data>
    <Data Name="param7">LOCAL SERVICE</Data>
    <Data Name="param8">S-1-5-19</Data>
    <Data Name="param9">LocalHost (Using LRPC)</Data>
    <Data Name="param10">Unavailable</Data>
    <Data Name="param11">Unavailable</Data>
  </EventData>
</Event>

Log Name:      System
Source:        Microsoft-Windows-DistributedCOM
Date:          1/8/2023 9:14:21 PM
Event ID:      10016
Task Category: None
Level:         Warning
Keywords:      Classic
User:          LOCAL SERVICE
Computer:      DESKTOP-MEHSHLA
Description:
The application-specific permission settings do not grant Local Activation permission for the COM Server application with CLSID 
{6B3B8D23-FA8D-40B9-8DBD-B950333E2C52}
 and APPID 
{4839DDB7-58C2-48F5-8283-E1D1807D0D7D}
 to the user NT AUTHORITY\LOCAL SERVICE SID (S-1-5-19) from address LocalHost (Using LRPC) running in the application container Unavailable SID (Unavailable). This security permission can be modified using the Component Services administrative tool.
Event Xml:
<Event xmlns="http://schemas.microsoft.com/win/2004/08/events/event">
  <System>
    <Provider Name="Microsoft-Windows-DistributedCOM" Guid="{1B562E86-B7AA-4131-BADC-B6F3A001407E}" EventSourceName="DCOM" />
    <EventID Qualifiers="0">10016</EventID>
    <Version>0</Version>
    <Level>3</Level>
    <Task>0</Task>
    <Opcode>0</Opcode>
    <Keywords>0x8080000000000000</Keywords>
    <TimeCreated SystemTime="2023-01-09T02:14:21.1182919Z" />
    <EventRecordID>5704</EventRecordID>
    <Correlation ActivityID="{b99fcd96-f382-44b3-a4d0-dd35249c8947}" />
    <Execution ProcessID="1056" ThreadID="2080" />
    <Channel>System</Channel>
    <Computer>DESKTOP-MEHSHLA</Computer>
    <Security UserID="S-1-5-19" />
  </System>
  <EventData>
    <Data Name="param1">application-specific</Data>
    <Data Name="param2">Local</Data>
    <Data Name="param3">Activation</Data>
    <Data Name="param4">{6B3B8D23-FA8D-40B9-8DBD-B950333E2C52}</Data>
    <Data Name="param5">{4839DDB7-58C2-48F5-8283-E1D1807D0D7D}</Data>
    <Data Name="param6">NT AUTHORITY</Data>
    <Data Name="param7">LOCAL SERVICE</Data>
    <Data Name="param8">S-1-5-19</Data>
    <Data Name="param9">LocalHost (Using LRPC)</Data>
    <Data Name="param10">Unavailable</Data>
    <Data Name="param11">Unavailable</Data>
  </EventData>
</Event>

Log Name:      System
Source:        TPM
Date:          1/8/2023 9:14:04 PM
Event ID:      18
Task Category: None
Level:         Information
Keywords:      
User:          SYSTEM
Computer:      DESKTOP-MEHSHLA
Description:
This event triggers the Trusted Platform Module (TPM) provisioning/status check to run.
Event Xml:
<Event xmlns="http://schemas.microsoft.com/win/2004/08/events/event">
  <System>
    <Provider Name="TPM" Guid="{1b6b0772-251b-4d42-917d-faca166bc059}" />
    <EventID>18</EventID>
    <Version>0</Version>
    <Level>4</Level>
    <Task>0</Task>
    <Opcode>0</Opcode>
    <Keywords>0x8000000000000000</Keywords>
    <TimeCreated SystemTime="2023-01-09T02:14:04.9059265Z" />
    <EventRecordID>5703</EventRecordID>
    <Correlation />
    <Execution ProcessID="4" ThreadID="308" />
    <Channel>System</Channel>
    <Computer>DESKTOP-MEHSHLA</Computer>
    <Security UserID="S-1-5-18" />
  </System>
  <EventData>
    <Data Name="locationCode">0x140000d6</Data>
    <Data Name="Data">0</Data>
  </EventData>
</Event>

Log Name:      System
Source:        Service Control Manager
Date:          1/8/2023 9:14:04 PM
Event ID:      7026
Task Category: None
Level:         Information
Keywords:      Classic
User:          N/A
Computer:      DESKTOP-MEHSHLA
Description:
The following boot-start or system-start driver(s) did not load: 
dam
EhStorClass
Event Xml:
<Event xmlns="http://schemas.microsoft.com/win/2004/08/events/event">
  <System>
    <Provider Name="Service Control Manager" Guid="{555908d1-a6d7-4695-8e1e-26931d2012f4}" EventSourceName="Service Control Manager" />
    <EventID Qualifiers="49152">7026</EventID>
    <Version>0</Version>
    <Level>4</Level>
    <Task>0</Task>
    <Opcode>0</Opcode>
    <Keywords>0x8080000000000000</Keywords>
    <TimeCreated SystemTime="2023-01-09T02:14:04.8975014Z" />
    <EventRecordID>5702</EventRecordID>
    <Correlation />
    <Execution ProcessID="868" ThreadID="872" />
    <Channel>System</Channel>
    <Computer>DESKTOP-MEHSHLA</Computer>
    <Security />
  </System>
  <EventData>
    <Data Name="param1">
dam
EhStorClass</Data>
  </EventData>
</Event>

Log Name:      System
Source:        HidBth
Date:          1/8/2023 9:13:50 PM
Event ID:      2
Task Category: None
Level:         Warning
Keywords:      Classic
User:          N/A
Computer:      DESKTOP-MEHSHLA
Description:
Bluetooth HID device  either went out of range or became unresponsive.
Event Xml:
<Event xmlns="http://schemas.microsoft.com/win/2004/08/events/event">
  <System>
    <Provider Name="HidBth" />
    <EventID Qualifiers="32769">2</EventID>
    <Version>0</Version>
    <Level>3</Level>
    <Task>0</Task>
    <Opcode>0</Opcode>
    <Keywords>0x80000000000000</Keywords>
    <TimeCreated SystemTime="2023-01-09T02:13:50.6343503Z" />
    <EventRecordID>5701</EventRecordID>
    <Correlation />
    <Execution ProcessID="4" ThreadID="396" />
    <Channel>System</Channel>
    <Computer>DESKTOP-MEHSHLA</Computer>
    <Security />
  </System>
  <EventData>
    <Data>\Device\_HID00000002</Data>
    <Data>
    </Data>
    <Binary>00000000020050000000000002000180000000000000000000000000000000000000000000000000</Binary>
  </EventData>
</Event>

Log Name:      System
Source:        Microsoft-Windows-Winlogon
Date:          1/8/2023 9:13:42 PM
Event ID:      7001
Task Category: (1101)
Level:         Information
Keywords:      (35184372088832)
User:          SYSTEM
Computer:      DESKTOP-MEHSHLA
Description:
User Logon Notification for Customer Experience Improvement Program
Event Xml:
<Event xmlns="http://schemas.microsoft.com/win/2004/08/events/event">
  <System>
    <Provider Name="Microsoft-Windows-Winlogon" Guid="{dbe9b383-7cf3-4331-91cc-a3cb16a3b538}" />
    <EventID>7001</EventID>
    <Version>0</Version>
    <Level>4</Level>
    <Task>1101</Task>
    <Opcode>0</Opcode>
    <Keywords>0x2000200000000000</Keywords>
    <TimeCreated SystemTime="2023-01-09T02:13:42.2529744Z" />
    <EventRecordID>5700</EventRecordID>
    <Correlation />
    <Execution ProcessID="480" ThreadID="1176" />
    <Channel>System</Channel>
    <Computer>DESKTOP-MEHSHLA</Computer>
    <Security UserID="S-1-5-18" />
  </System>
  <EventData>
    <Data Name="TSId">1</Data>
    <Data Name="UserSid">S-1-5-21-2364521624-3794163847-1711421936-1001</Data>
  </EventData>
</Event>

Log Name:      System
Source:        Microsoft-Windows-Time-Service
Date:          1/8/2023 9:13:26 PM
Event ID:      158
Task Category: None
Level:         Information
Keywords:      
User:          LOCAL SERVICE
Computer:      DESKTOP-MEHSHLA
Description:
The time provider 'VMICTimeProvider' has indicated that the current hardware and operating environment is not supported and has stopped. This behavior is expected for VMICTimeProvider on non-HyperV-guest environments. This may be the expected behavior for the current provider in the current operating environment as well.
Event Xml:
<Event xmlns="http://schemas.microsoft.com/win/2004/08/events/event">
  <System>
    <Provider Name="Microsoft-Windows-Time-Service" Guid="{06edcfeb-0fd0-4e53-acca-a6f8bbf81bcb}" />
    <EventID>158</EventID>
    <Version>0</Version>
    <Level>4</Level>
    <Task>0</Task>
    <Opcode>0</Opcode>
    <Keywords>0x8000000000000000</Keywords>
    <TimeCreated SystemTime="2023-01-09T02:13:26.2257813Z" />
    <EventRecordID>5699</EventRecordID>
    <Correlation />
    <Execution ProcessID="4936" ThreadID="5112" />
    <Channel>System</Channel>
    <Computer>DESKTOP-MEHSHLA</Computer>
    <Security UserID="S-1-5-19" />
  </System>
  <EventData Name="TMP_EVENT_TIMEPROV_INDICATED_UNSUPPORTED">
    <Data Name="TimeProvider">VMICTimeProvider</Data>
  </EventData>
</Event>

Log Name:      System
Source:        Microsoft-Windows-WLAN-AutoConfig
Date:          1/8/2023 9:13:23 PM
Event ID:      10001
Task Category: None
Level:         Information
Keywords:      
User:          SYSTEM
Computer:      DESKTOP-MEHSHLA
Description:
WLAN Extensibility Module has successfully started.

Module Path: C:\WINDOWS\system32\IntelIHVRouter04.dll

Event Xml:
<Event xmlns="http://schemas.microsoft.com/win/2004/08/events/event">
  <System>
    <Provider Name="Microsoft-Windows-WLAN-AutoConfig" Guid="{9580d7dd-0379-4658-9870-d5be7d52d6de}" />
    <EventID>10001</EventID>
    <Version>0</Version>
    <Level>4</Level>
    <Task>0</Task>
    <Opcode>0</Opcode>
    <Keywords>0x4000000000000000</Keywords>
    <TimeCreated SystemTime="2023-01-09T02:13:23.4997018Z" />
    <EventRecordID>5698</EventRecordID>
    <Correlation />
    <Execution ProcessID="3656" ThreadID="3676" />
    <Channel>System</Channel>
    <Computer>DESKTOP-MEHSHLA</Computer>
    <Security UserID="S-1-5-18" />
  </System>
  <EventData>
    <Data Name="ExtensibleModulePath">C:\WINDOWS\system32\IntelIHVRouter04.dll</Data>
  </EventData>
</Event>

Log Name:      System
Source:        Microsoft-Windows-WLAN-AutoConfig
Date:          1/8/2023 9:13:22 PM
Event ID:      4000
Task Category: None
Level:         Information
Keywords:      
User:          SYSTEM
Computer:      DESKTOP-MEHSHLA
Description:
WLAN AutoConfig service has successfully started.

Event Xml:
<Event xmlns="http://schemas.microsoft.com/win/2004/08/events/event">
  <System>
    <Provider Name="Microsoft-Windows-WLAN-AutoConfig" Guid="{9580d7dd-0379-4658-9870-d5be7d52d6de}" />
    <EventID>4000</EventID>
    <Version>0</Version>
    <Level>4</Level>
    <Task>0</Task>
    <Opcode>1</Opcode>
    <Keywords>0x4000000000000000</Keywords>
    <TimeCreated SystemTime="2023-01-09T02:13:22.8520516Z" />
    <EventRecordID>5697</EventRecordID>
    <Correlation />
    <Execution ProcessID="3656" ThreadID="3676" />
    <Channel>System</Channel>
    <Computer>DESKTOP-MEHSHLA</Computer>
    <Security UserID="S-1-5-18" />
  </System>
  <EventData>
  </EventData>
</Event>

Log Name:      System
Source:        Microsoft-Windows-DHCPv6-Client
Date:          1/8/2023 9:13:20 PM
Event ID:      51046
Task Category: Service State Event
Level:         Information
Keywords:      
User:          LOCAL SERVICE
Computer:      DESKTOP-MEHSHLA
Description:
DHCPv6 client service is started
Event Xml:
<Event xmlns="http://schemas.microsoft.com/win/2004/08/events/event">
  <System>
    <Provider Name="Microsoft-Windows-DHCPv6-Client" Guid="{6a1f2b00-6a90-4c38-95a5-5cab3b056778}" />
    <EventID>51046</EventID>
    <Version>0</Version>
    <Level>4</Level>
    <Task>4</Task>
    <Opcode>62</Opcode>
    <Keywords>0x2000000000000000</Keywords>
    <TimeCreated SystemTime="2023-01-09T02:13:20.1648954Z" />
    <EventRecordID>5696</EventRecordID>
    <Correlation />
    <Execution ProcessID="2300" ThreadID="2360" />
    <Channel>System</Channel>
    <Computer>DESKTOP-MEHSHLA</Computer>
    <Security UserID="S-1-5-19" />
  </System>
  <EventData>
  </EventData>
</Event>

Log Name:      System
Source:        Microsoft-Windows-Dhcp-Client
Date:          1/8/2023 9:13:20 PM
Event ID:      50103
Task Category: Service State Event
Level:         Information
Keywords:      
User:          LOCAL SERVICE
Computer:      DESKTOP-MEHSHLA
Description:
DHCPv4 client registered for shutdown notification
Event Xml:
<Event xmlns="http://schemas.microsoft.com/win/2004/08/events/event">
  <System>
    <Provider Name="Microsoft-Windows-Dhcp-Client" Guid="{15a7a4f8-0072-4eab-abad-f98a4d666aed}" />
    <EventID>50103</EventID>
    <Version>0</Version>
    <Level>4</Level>
    <Task>4</Task>
    <Opcode>129</Opcode>
    <Keywords>0x2000000000000000</Keywords>
    <TimeCreated SystemTime="2023-01-09T02:13:20.1491659Z" />
    <EventRecordID>5695</EventRecordID>
    <Correlation />
    <Execution ProcessID="2300" ThreadID="2332" />
    <Channel>System</Channel>
    <Computer>DESKTOP-MEHSHLA</Computer>
    <Security UserID="S-1-5-19" />
  </System>
  <EventData>
  </EventData>
</Event>

Log Name:      System
Source:        Microsoft-Windows-Dhcp-Client
Date:          1/8/2023 9:13:20 PM
Event ID:      50036
Task Category: Service State Event
Level:         Information
Keywords:      
User:          LOCAL SERVICE
Computer:      DESKTOP-MEHSHLA
Description:
DHCPv4 client service is started
Event Xml:
<Event xmlns="http://schemas.microsoft.com/win/2004/08/events/event">
  <System>
    <Provider Name="Microsoft-Windows-Dhcp-Client" Guid="{15a7a4f8-0072-4eab-abad-f98a4d666aed}" />
    <EventID>50036</EventID>
    <Version>0</Version>
    <Level>4</Level>
    <Task>4</Task>
    <Opcode>68</Opcode>
    <Keywords>0x2000000000000000</Keywords>
    <TimeCreated SystemTime="2023-01-09T02:13:20.1491175Z" />
    <EventRecordID>5694</EventRecordID>
    <Correlation />
    <Execution ProcessID="2300" ThreadID="2332" />
    <Channel>System</Channel>
    <Computer>DESKTOP-MEHSHLA</Computer>
    <Security UserID="S-1-5-19" />
  </System>
  <EventData>
  </EventData>
</Event>

Log Name:      System
Source:        Microsoft-Windows-FilterManager
Date:          1/8/2023 9:13:19 PM
Event ID:      6
Task Category: None
Level:         Information
Keywords:      
User:          SYSTEM
Computer:      DESKTOP-MEHSHLA
Description:
File System Filter 'bindflt' (10.0, ‎1983‎-‎11‎-‎15T06:46:27.000000000Z) has successfully loaded and registered with Filter Manager.
Event Xml:
<Event xmlns="http://schemas.microsoft.com/win/2004/08/events/event">
  <System>
    <Provider Name="Microsoft-Windows-FilterManager" Guid="{f3c5e28e-63f6-49c7-a204-e48a1bc4b09d}" />
    <EventID>6</EventID>
    <Version>0</Version>
    <Level>4</Level>
    <Task>0</Task>
    <Opcode>0</Opcode>
    <Keywords>0x8000000000000000</Keywords>
    <TimeCreated SystemTime="2023-01-09T02:13:19.8381182Z" />
    <EventRecordID>5693</EventRecordID>
    <Correlation />
    <Execution ProcessID="4" ThreadID="224" />
    <Channel>System</Channel>
    <Computer>DESKTOP-MEHSHLA</Computer>
    <Security UserID="S-1-5-18" />
  </System>
  <EventData>
    <Data Name="FinalStatus">0x0</Data>
    <Data Name="DeviceVersionMajor">10</Data>
    <Data Name="DeviceVersionMinor">0</Data>
    <Data Name="DeviceNameLength">7</Data>
    <Data Name="DeviceName">bindflt</Data>
    <Data Name="DeviceTime">1983-11-15T06:46:27.0000000Z</Data>
  </EventData>
</Event>

Log Name:      System
Source:        Microsoft-Windows-FilterManager
Date:          1/8/2023 9:13:19 PM
Event ID:      6
Task Category: None
Level:         Information
Keywords:      
User:          SYSTEM
Computer:      DESKTOP-MEHSHLA
Description:
File System Filter 'storqosflt' (10.0, ‎2007‎-‎04‎-‎09T13:08:30.000000000Z) has successfully loaded and registered with Filter Manager.
Event Xml:
<Event xmlns="http://schemas.microsoft.com/win/2004/08/events/event">
  <System>
    <Provider Name="Microsoft-Windows-FilterManager" Guid="{f3c5e28e-63f6-49c7-a204-e48a1bc4b09d}" />
    <EventID>6</EventID>
    <Version>0</Version>
    <Level>4</Level>
    <Task>0</Task>
    <Opcode>0</Opcode>
    <Keywords>0x8000000000000000</Keywords>
    <TimeCreated SystemTime="2023-01-09T02:13:19.8342543Z" />
    <EventRecordID>5692</EventRecordID>
    <Correlation />
    <Execution ProcessID="4" ThreadID="224" />
    <Channel>System</Channel>
    <Computer>DESKTOP-MEHSHLA</Computer>
    <Security UserID="S-1-5-18" />
  </System>
  <EventData>
    <Data Name="FinalStatus">0x0</Data>
    <Data Name="DeviceVersionMajor">10</Data>
    <Data Name="DeviceVersionMinor">0</Data>
    <Data Name="DeviceNameLength">10</Data>
    <Data Name="DeviceName">storqosflt</Data>
    <Data Name="DeviceTime">2007-04-09T13:08:30.0000000Z</Data>
  </EventData>
</Event>

Log Name:      System
Source:        Microsoft-Windows-FilterManager
Date:          1/8/2023 9:13:19 PM
Event ID:      6
Task Category: None
Level:         Information
Keywords:      
User:          SYSTEM
Computer:      DESKTOP-MEHSHLA
Description:
File System Filter 'CldFlt' (10.0, ‎2044‎-‎03‎-‎08T08:25:35.000000000Z) has successfully loaded and registered with Filter Manager.
Event Xml:
<Event xmlns="http://schemas.microsoft.com/win/2004/08/events/event">
  <System>
    <Provider Name="Microsoft-Windows-FilterManager" Guid="{f3c5e28e-63f6-49c7-a204-e48a1bc4b09d}" />
    <EventID>6</EventID>
    <Version>0</Version>
    <Level>4</Level>
    <Task>0</Task>
    <Opcode>0</Opcode>
    <Keywords>0x8000000000000000</Keywords>
    <TimeCreated SystemTime="2023-01-09T02:13:19.8300826Z" />
    <EventRecordID>5691</EventRecordID>
    <Correlation />
    <Execution ProcessID="4" ThreadID="224" />
    <Channel>System</Channel>
    <Computer>DESKTOP-MEHSHLA</Computer>
    <Security UserID="S-1-5-18" />
  </System>
  <EventData>
    <Data Name="FinalStatus">0x0</Data>
    <Data Name="DeviceVersionMajor">10</Data>
    <Data Name="DeviceVersionMinor">0</Data>
    <Data Name="DeviceNameLength">6</Data>
    <Data Name="DeviceName">CldFlt</Data>
    <Data Name="DeviceTime">2044-03-08T08:25:35.0000000Z</Data>
  </EventData>
</Event>

Log Name:      System
Source:        Microsoft-Windows-FilterManager
Date:          1/8/2023 9:13:19 PM
Event ID:      1
Task Category: None
Level:         Information
Keywords:      
User:          SYSTEM
Computer:      DESKTOP-MEHSHLA
Description:
File System Filter 'CldFlt' (Version 10.0, ‎2044‎-‎03‎-‎08T08:25:35.000000000Z) unloaded successfully.
Event Xml:
<Event xmlns="http://schemas.microsoft.com/win/2004/08/events/event">
  <System>
    <Provider Name="Microsoft-Windows-FilterManager" Guid="{f3c5e28e-63f6-49c7-a204-e48a1bc4b09d}" />
    <EventID>1</EventID>
    <Version>0</Version>
    <Level>4</Level>
    <Task>0</Task>
    <Opcode>0</Opcode>
    <Keywords>0x8000000000000000</Keywords>
    <TimeCreated SystemTime="2023-01-09T02:13:19.8300321Z" />
    <EventRecordID>5690</EventRecordID>
    <Correlation />
    <Execution ProcessID="4" ThreadID="224" />
    <Channel>System</Channel>
    <Computer>DESKTOP-MEHSHLA</Computer>
    <Security UserID="S-1-5-18" />
  </System>
  <EventData>
    <Data Name="FinalStatus">0x0</Data>
    <Data Name="DeviceVersionMajor">10</Data>
    <Data Name="DeviceVersionMinor">0</Data>
    <Data Name="DeviceNameLength">6</Data>
    <Data Name="DeviceName">CldFlt</Data>
    <Data Name="DeviceTime">2044-03-08T08:25:35.0000000Z</Data>
  </EventData>
</Event>

Log Name:      System
Source:        Microsoft-Windows-FilterManager
Date:          1/8/2023 9:13:19 PM
Event ID:      6
Task Category: None
Level:         Information
Keywords:      
User:          SYSTEM
Computer:      DESKTOP-MEHSHLA
Description:
File System Filter 'CldFlt' (10.0, ‎2044‎-‎03‎-‎08T08:25:35.000000000Z) has successfully loaded and registered with Filter Manager.
Event Xml:
<Event xmlns="http://schemas.microsoft.com/win/2004/08/events/event">
  <System>
    <Provider Name="Microsoft-Windows-FilterManager" Guid="{f3c5e28e-63f6-49c7-a204-e48a1bc4b09d}" />
    <EventID>6</EventID>
    <Version>0</Version>
    <Level>4</Level>
    <Task>0</Task>
    <Opcode>0</Opcode>
    <Keywords>0x8000000000000000</Keywords>
    <TimeCreated SystemTime="2023-01-09T02:13:19.8300234Z" />
    <EventRecordID>5689</EventRecordID>
    <Correlation />
    <Execution ProcessID="4" ThreadID="224" />
    <Channel>System</Channel>
    <Computer>DESKTOP-MEHSHLA</Computer>
    <Security UserID="S-1-5-18" />
  </System>
  <EventData>
    <Data Name="FinalStatus">0x0</Data>
    <Data Name="DeviceVersionMajor">10</Data>
    <Data Name="DeviceVersionMinor">0</Data>
    <Data Name="DeviceNameLength">6</Data>
    <Data Name="DeviceName">CldFlt</Data>
    <Data Name="DeviceTime">2044-03-08T08:25:35.0000000Z</Data>
  </EventData>
</Event>

Log Name:      System
Source:        Microsoft-Windows-FilterManager
Date:          1/8/2023 9:13:19 PM
Event ID:      6
Task Category: None
Level:         Information
Keywords:      
User:          SYSTEM
Computer:      DESKTOP-MEHSHLA
Description:
File System Filter 'luafv' (10.0, ‎2044‎-‎05‎-‎12T20:37:52.000000000Z) has successfully loaded and registered with Filter Manager.
Event Xml:
<Event xmlns="http://schemas.microsoft.com/win/2004/08/events/event">
  <System>
    <Provider Name="Microsoft-Windows-FilterManager" Guid="{f3c5e28e-63f6-49c7-a204-e48a1bc4b09d}" />
    <EventID>6</EventID>
    <Version>0</Version>
    <Level>4</Level>
    <Task>0</Task>
    <Opcode>0</Opcode>
    <Keywords>0x8000000000000000</Keywords>
    <TimeCreated SystemTime="2023-01-09T02:13:19.8223287Z" />
    <EventRecordID>5688</EventRecordID>
    <Correlation />
    <Execution ProcessID="4" ThreadID="224" />
    <Channel>System</Channel>
    <Computer>DESKTOP-MEHSHLA</Computer>
    <Security UserID="S-1-5-18" />
  </System>
  <EventData>
    <Data Name="FinalStatus">0x0</Data>
    <Data Name="DeviceVersionMajor">10</Data>
    <Data Name="DeviceVersionMinor">0</Data>
    <Data Name="DeviceNameLength">5</Data>
    <Data Name="DeviceName">luafv</Data>
    <Data Name="DeviceTime">2044-05-12T20:37:52.0000000Z</Data>
  </EventData>
</Event>

