Log Name:      System
Source:        mrcbt
Date:          1/8/2023 9:12:54 PM
Event ID:      18
Task Category: None
Level:         Information
Keywords:      
User:          SYSTEM
Computer:      DESKTOP-MEHSHLA
Description:
The file-system on device \Device\HarddiskVolume3 is not supported
Event Xml:
<Event xmlns="http://schemas.microsoft.com/win/2004/08/events/event">
  <System>
    <Provider Name="mrcbt" Guid="{288fcfb2-caa0-44ff-b663-5336d63f6860}" />
    <EventID>18</EventID>
    <Version>0</Version>
    <Level>4</Level>
    <Task>0</Task>
    <Opcode>0</Opcode>
    <Keywords>0x8000000000000000</Keywords>
    <TimeCreated SystemTime="2023-01-09T02:12:54.6060192Z" />
    <EventRecordID>5646</EventRecordID>
    <Correlation />
    <Execution ProcessID="4" ThreadID="224" />
    <Channel>System</Channel>
    <Computer>DESKTOP-MEHSHLA</Computer>
    <Security UserID="S-1-5-18" />
  </System>
  <EventData>
    <Data Name="DeviceName">\Device\HarddiskVolume3</Data>
  </EventData>
</Event>

Log Name:      System
Source:        mrcbt
Date:          1/8/2023 9:12:54 PM
Event ID:      1001
Task Category: None
Level:         Information
Keywords:      
User:          SYSTEM
Computer:      DESKTOP-MEHSHLA
Description:
Received GUID_IO_VOLUME_MOUNT for device \Device\HarddiskVolume3
Event Xml:
<Event xmlns="http://schemas.microsoft.com/win/2004/08/events/event">
  <System>
    <Provider Name="mrcbt" Guid="{288fcfb2-caa0-44ff-b663-5336d63f6860}" />
    <EventID>1001</EventID>
    <Version>0</Version>
    <Level>4</Level>
    <Task>0</Task>
    <Opcode>0</Opcode>
    <Keywords>0x8000000000000000</Keywords>
    <TimeCreated SystemTime="2023-01-09T02:12:54.6060186Z" />
    <EventRecordID>5645</EventRecordID>
    <Correlation />
    <Execution ProcessID="4" ThreadID="224" />
    <Channel>System</Channel>
    <Computer>DESKTOP-MEHSHLA</Computer>
    <Security UserID="S-1-5-18" />
  </System>
  <EventData>
    <Data Name="DeviceName">\Device\HarddiskVolume3</Data>
  </EventData>
</Event>

Log Name:      System
Source:        Microsoft-Windows-FilterManager
Date:          1/8/2023 9:12:54 PM
Event ID:      6
Task Category: None
Level:         Information
Keywords:      
User:          SYSTEM
Computer:      DESKTOP-MEHSHLA
Description:
File System Filter 'npsvctrig' (10.0, ‎2025‎-‎01‎-‎05T21:41:12.000000000Z) has successfully loaded and registered with Filter Manager.
Event Xml:
<Event xmlns="http://schemas.microsoft.com/win/2004/08/events/event">
  <System>
    <Provider Name="Microsoft-Windows-FilterManager" Guid="{f3c5e28e-63f6-49c7-a204-e48a1bc4b09d}" />
    <EventID>6</EventID>
    <Version>0</Version>
    <Level>4</Level>
    <Task>0</Task>
    <Opcode>0</Opcode>
    <Keywords>0x8000000000000000</Keywords>
    <TimeCreated SystemTime="2023-01-09T02:12:54.3908328Z" />
    <EventRecordID>5644</EventRecordID>
    <Correlation />
    <Execution ProcessID="4" ThreadID="8" />
    <Channel>System</Channel>
    <Computer>DESKTOP-MEHSHLA</Computer>
    <Security UserID="S-1-5-18" />
  </System>
  <EventData>
    <Data Name="FinalStatus">0x0</Data>
    <Data Name="DeviceVersionMajor">10</Data>
    <Data Name="DeviceVersionMinor">0</Data>
    <Data Name="DeviceNameLength">9</Data>
    <Data Name="DeviceName">npsvctrig</Data>
    <Data Name="DeviceTime">2025-01-05T21:41:12.0000000Z</Data>
  </EventData>
</Event>

Log Name:      System
Source:        Microsoft-Windows-FilterManager
Date:          1/8/2023 9:12:53 PM
Event ID:      6
Task Category: None
Level:         Information
Keywords:      
User:          SYSTEM
Computer:      DESKTOP-MEHSHLA
Description:
File System Filter 'aswMonFlt' (10.0, ‎2022‎-‎11‎-‎29T05:14:33.000000000Z) has successfully loaded and registered with Filter Manager.
Event Xml:
<Event xmlns="http://schemas.microsoft.com/win/2004/08/events/event">
  <System>
    <Provider Name="Microsoft-Windows-FilterManager" Guid="{f3c5e28e-63f6-49c7-a204-e48a1bc4b09d}" />
    <EventID>6</EventID>
    <Version>0</Version>
    <Level>4</Level>
    <Task>0</Task>
    <Opcode>0</Opcode>
    <Keywords>0x8000000000000000</Keywords>
    <TimeCreated SystemTime="2023-01-09T02:12:53.6854315Z" />
    <EventRecordID>5643</EventRecordID>
    <Correlation />
    <Execution ProcessID="4" ThreadID="8" />
    <Channel>System</Channel>
    <Computer>DESKTOP-MEHSHLA</Computer>
    <Security UserID="S-1-5-18" />
  </System>
  <EventData>
    <Data Name="FinalStatus">0x0</Data>
    <Data Name="DeviceVersionMajor">10</Data>
    <Data Name="DeviceVersionMinor">0</Data>
    <Data Name="DeviceNameLength">9</Data>
    <Data Name="DeviceName">aswMonFlt</Data>
    <Data Name="DeviceTime">2022-11-29T05:14:33.0000000Z</Data>
  </EventData>
</Event>

Log Name:      System
Source:        Microsoft-Windows-FilterManager
Date:          1/8/2023 9:12:53 PM
Event ID:      6
Task Category: None
Level:         Information
Keywords:      
User:          SYSTEM
Computer:      DESKTOP-MEHSHLA
Description:
File System Filter 'FileCrypt' (10.0, ‎2002‎-‎03‎-‎01T06:12:42.000000000Z) has successfully loaded and registered with Filter Manager.
Event Xml:
<Event xmlns="http://schemas.microsoft.com/win/2004/08/events/event">
  <System>
    <Provider Name="Microsoft-Windows-FilterManager" Guid="{f3c5e28e-63f6-49c7-a204-e48a1bc4b09d}" />
    <EventID>6</EventID>
    <Version>0</Version>
    <Level>4</Level>
    <Task>0</Task>
    <Opcode>0</Opcode>
    <Keywords>0x8000000000000000</Keywords>
    <TimeCreated SystemTime="2023-01-09T02:12:53.5703118Z" />
    <EventRecordID>5642</EventRecordID>
    <Correlation />
    <Execution ProcessID="4" ThreadID="8" />
    <Channel>System</Channel>
    <Computer>DESKTOP-MEHSHLA</Computer>
    <Security UserID="S-1-5-18" />
  </System>
  <EventData>
    <Data Name="FinalStatus">0x0</Data>
    <Data Name="DeviceVersionMajor">10</Data>
    <Data Name="DeviceVersionMinor">0</Data>
    <Data Name="DeviceNameLength">9</Data>
    <Data Name="DeviceName">FileCrypt</Data>
    <Data Name="DeviceTime">2002-03-01T06:12:42.0000000Z</Data>
  </EventData>
</Event>

Log Name:      System
Source:        Microsoft-Windows-FilterManager
Date:          1/8/2023 9:12:53 PM
Event ID:      6
Task Category: None
Level:         Information
Keywords:      
User:          SYSTEM
Computer:      DESKTOP-MEHSHLA
Description:
File System Filter 'aswSP' (10.0, ‎2022‎-‎11‎-‎29T05:14:59.000000000Z) has successfully loaded and registered with Filter Manager.
Event Xml:
<Event xmlns="http://schemas.microsoft.com/win/2004/08/events/event">
  <System>
    <Provider Name="Microsoft-Windows-FilterManager" Guid="{f3c5e28e-63f6-49c7-a204-e48a1bc4b09d}" />
    <EventID>6</EventID>
    <Version>0</Version>
    <Level>4</Level>
    <Task>0</Task>
    <Opcode>0</Opcode>
    <Keywords>0x8000000000000000</Keywords>
    <TimeCreated SystemTime="2023-01-09T02:12:53.5633906Z" />
    <EventRecordID>5641</EventRecordID>
    <Correlation />
    <Execution ProcessID="4" ThreadID="8" />
    <Channel>System</Channel>
    <Computer>DESKTOP-MEHSHLA</Computer>
    <Security UserID="S-1-5-18" />
  </System>
  <EventData>
    <Data Name="FinalStatus">0x0</Data>
    <Data Name="DeviceVersionMajor">10</Data>
    <Data Name="DeviceVersionMinor">0</Data>
    <Data Name="DeviceNameLength">5</Data>
    <Data Name="DeviceName">aswSP</Data>
    <Data Name="DeviceTime">2022-11-29T05:14:59.0000000Z</Data>
  </EventData>
</Event>

Log Name:      System
Source:        mrcbt
Date:          1/8/2023 9:12:53 PM
Event ID:      2008
Task Category: None
Level:         Error
Keywords:      
User:          SYSTEM
Computer:      DESKTOP-MEHSHLA
Description:
The previous session did not finalize the tracking file on device \Device\HarddiskVolume5 (C:). The tracking file has been reset.
Event Xml:
<Event xmlns="http://schemas.microsoft.com/win/2004/08/events/event">
  <System>
    <Provider Name="mrcbt" Guid="{288fcfb2-caa0-44ff-b663-5336d63f6860}" />
    <EventID>2008</EventID>
    <Version>0</Version>
    <Level>2</Level>
    <Task>0</Task>
    <Opcode>0</Opcode>
    <Keywords>0x8000000000000000</Keywords>
    <TimeCreated SystemTime="2023-01-09T02:12:53.5163347Z" />
    <EventRecordID>5640</EventRecordID>
    <Correlation />
    <Execution ProcessID="4" ThreadID="376" />
    <Channel>System</Channel>
    <Computer>DESKTOP-MEHSHLA</Computer>
    <Security UserID="S-1-5-18" />
  </System>
  <EventData>
    <Data Name="DeviceName">\Device\HarddiskVolume5 (C:)</Data>
  </EventData>
</Event>

Log Name:      System
Source:        mrcbt
Date:          1/8/2023 9:12:53 PM
Event ID:      1001
Task Category: None
Level:         Information
Keywords:      
User:          SYSTEM
Computer:      DESKTOP-MEHSHLA
Description:
Received GUID_IO_VOLUME_MOUNT for device \Device\HarddiskVolume5 (C:)
Event Xml:
<Event xmlns="http://schemas.microsoft.com/win/2004/08/events/event">
  <System>
    <Provider Name="mrcbt" Guid="{288fcfb2-caa0-44ff-b663-5336d63f6860}" />
    <EventID>1001</EventID>
    <Version>0</Version>
    <Level>4</Level>
    <Task>0</Task>
    <Opcode>0</Opcode>
    <Keywords>0x8000000000000000</Keywords>
    <TimeCreated SystemTime="2023-01-09T02:12:53.3228107Z" />
    <EventRecordID>5639</EventRecordID>
    <Correlation />
    <Execution ProcessID="4" ThreadID="376" />
    <Channel>System</Channel>
    <Computer>DESKTOP-MEHSHLA</Computer>
    <Security UserID="S-1-5-18" />
  </System>
  <EventData>
    <Data Name="DeviceName">\Device\HarddiskVolume5 (C:)</Data>
  </EventData>
</Event>

Log Name:      System
Source:        Microsoft-Windows-Ntfs
Date:          1/8/2023 9:12:53 PM
Event ID:      98
Task Category: None
Level:         Information
Keywords:      (2)
User:          SYSTEM
Computer:      DESKTOP-MEHSHLA
Description:
Volume C: (\Device\HarddiskVolume5) is healthy.  No action is needed.
Event Xml:
<Event xmlns="http://schemas.microsoft.com/win/2004/08/events/event">
  <System>
    <Provider Name="Microsoft-Windows-Ntfs" Guid="{3ff37a1c-a68d-4d6e-8c9b-f79e8b16c482}" />
    <EventID>98</EventID>
    <Version>0</Version>
    <Level>4</Level>
    <Task>0</Task>
    <Opcode>0</Opcode>
    <Keywords>0x8000000000000002</Keywords>
    <TimeCreated SystemTime="2023-01-09T02:12:53.2121810Z" />
    <EventRecordID>5638</EventRecordID>
    <Correlation />
    <Execution ProcessID="4" ThreadID="284" />
    <Channel>System</Channel>
    <Computer>DESKTOP-MEHSHLA</Computer>
    <Security UserID="S-1-5-18" />
  </System>
  <EventData>
    <Data Name="DriveName">C:</Data>
    <Data Name="DeviceName">\Device\HarddiskVolume5</Data>
    <Data Name="CorruptionActionState">0</Data>
  </EventData>
</Event>

Log Name:      System
Source:        mrcbt
Date:          1/8/2023 9:12:47 PM
Event ID:      1012
Task Category: None
Level:         Information
Keywords:      
User:          SYSTEM
Computer:      DESKTOP-MEHSHLA
Description:
Received GUID_IO_VOLUME_FVE_STATUS_CHANGE for device \Device\HarddiskVolume8 (D:)
Event Xml:
<Event xmlns="http://schemas.microsoft.com/win/2004/08/events/event">
  <System>
    <Provider Name="mrcbt" Guid="{288fcfb2-caa0-44ff-b663-5336d63f6860}" />
    <EventID>1012</EventID>
    <Version>0</Version>
    <Level>4</Level>
    <Task>0</Task>
    <Opcode>0</Opcode>
    <Keywords>0x8000000000000000</Keywords>
    <TimeCreated SystemTime="2023-01-09T02:12:47.5581245Z" />
    <EventRecordID>5637</EventRecordID>
    <Correlation />
    <Execution ProcessID="4" ThreadID="224" />
    <Channel>System</Channel>
    <Computer>DESKTOP-MEHSHLA</Computer>
    <Security UserID="S-1-5-18" />
  </System>
  <EventData>
    <Data Name="DeviceName">\Device\HarddiskVolume8 (D:)</Data>
  </EventData>
</Event>

Log Name:      System
Source:        mrcbt
Date:          1/8/2023 9:12:47 PM
Event ID:      1012
Task Category: None
Level:         Information
Keywords:      
User:          SYSTEM
Computer:      DESKTOP-MEHSHLA
Description:
Received GUID_IO_VOLUME_FVE_STATUS_CHANGE for device \Device\HarddiskVolume7
Event Xml:
<Event xmlns="http://schemas.microsoft.com/win/2004/08/events/event">
  <System>
    <Provider Name="mrcbt" Guid="{288fcfb2-caa0-44ff-b663-5336d63f6860}" />
    <EventID>1012</EventID>
    <Version>0</Version>
    <Level>4</Level>
    <Task>0</Task>
    <Opcode>0</Opcode>
    <Keywords>0x8000000000000000</Keywords>
    <TimeCreated SystemTime="2023-01-09T02:12:47.5581224Z" />
    <EventRecordID>5636</EventRecordID>
    <Correlation />
    <Execution ProcessID="4" ThreadID="224" />
    <Channel>System</Channel>
    <Computer>DESKTOP-MEHSHLA</Computer>
    <Security UserID="S-1-5-18" />
  </System>
  <EventData>
    <Data Name="DeviceName">\Device\HarddiskVolume7</Data>
  </EventData>
</Event>

Log Name:      System
Source:        mrcbt
Date:          1/8/2023 9:12:47 PM
Event ID:      1012
Task Category: None
Level:         Information
Keywords:      
User:          SYSTEM
Computer:      DESKTOP-MEHSHLA
Description:
Received GUID_IO_VOLUME_FVE_STATUS_CHANGE for device \Device\HarddiskVolume6
Event Xml:
<Event xmlns="http://schemas.microsoft.com/win/2004/08/events/event">
  <System>
    <Provider Name="mrcbt" Guid="{288fcfb2-caa0-44ff-b663-5336d63f6860}" />
    <EventID>1012</EventID>
    <Version>0</Version>
    <Level>4</Level>
    <Task>0</Task>
    <Opcode>0</Opcode>
    <Keywords>0x8000000000000000</Keywords>
    <TimeCreated SystemTime="2023-01-09T02:12:47.5581202Z" />
    <EventRecordID>5635</EventRecordID>
    <Correlation />
    <Execution ProcessID="4" ThreadID="224" />
    <Channel>System</Channel>
    <Computer>DESKTOP-MEHSHLA</Computer>
    <Security UserID="S-1-5-18" />
  </System>
  <EventData>
    <Data Name="DeviceName">\Device\HarddiskVolume6</Data>
  </EventData>
</Event>

Log Name:      System
Source:        mrcbt
Date:          1/8/2023 9:12:47 PM
Event ID:      1012
Task Category: None
Level:         Information
Keywords:      
User:          SYSTEM
Computer:      DESKTOP-MEHSHLA
Description:
Received GUID_IO_VOLUME_FVE_STATUS_CHANGE for device \Device\HarddiskVolume5 (C:)
Event Xml:
<Event xmlns="http://schemas.microsoft.com/win/2004/08/events/event">
  <System>
    <Provider Name="mrcbt" Guid="{288fcfb2-caa0-44ff-b663-5336d63f6860}" />
    <EventID>1012</EventID>
    <Version>0</Version>
    <Level>4</Level>
    <Task>0</Task>
    <Opcode>0</Opcode>
    <Keywords>0x8000000000000000</Keywords>
    <TimeCreated SystemTime="2023-01-09T02:12:47.5581178Z" />
    <EventRecordID>5634</EventRecordID>
    <Correlation />
    <Execution ProcessID="4" ThreadID="224" />
    <Channel>System</Channel>
    <Computer>DESKTOP-MEHSHLA</Computer>
    <Security UserID="S-1-5-18" />
  </System>
  <EventData>
    <Data Name="DeviceName">\Device\HarddiskVolume5 (C:)</Data>
  </EventData>
</Event>

Log Name:      System
Source:        mrcbt
Date:          1/8/2023 9:12:47 PM
Event ID:      1012
Task Category: None
Level:         Information
Keywords:      
User:          SYSTEM
Computer:      DESKTOP-MEHSHLA
Description:
Received GUID_IO_VOLUME_FVE_STATUS_CHANGE for device \Device\HarddiskVolume3
Event Xml:
<Event xmlns="http://schemas.microsoft.com/win/2004/08/events/event">
  <System>
    <Provider Name="mrcbt" Guid="{288fcfb2-caa0-44ff-b663-5336d63f6860}" />
    <EventID>1012</EventID>
    <Version>0</Version>
    <Level>4</Level>
    <Task>0</Task>
    <Opcode>0</Opcode>
    <Keywords>0x8000000000000000</Keywords>
    <TimeCreated SystemTime="2023-01-09T02:12:47.5581141Z" />
    <EventRecordID>5633</EventRecordID>
    <Correlation />
    <Execution ProcessID="4" ThreadID="224" />
    <Channel>System</Channel>
    <Computer>DESKTOP-MEHSHLA</Computer>
    <Security UserID="S-1-5-18" />
  </System>
  <EventData>
    <Data Name="DeviceName">\Device\HarddiskVolume3</Data>
  </EventData>
</Event>

Log Name:      System
Source:        mrcbt
Date:          1/8/2023 9:12:47 PM
Event ID:      1005
Task Category: None
Level:         Information
Keywords:      
User:          SYSTEM
Computer:      DESKTOP-MEHSHLA
Description:
PlugPlay notification has been registered for device \Device\HarddiskVolume8 (D:) with ReferenceCount 0x0
Event Xml:
<Event xmlns="http://schemas.microsoft.com/win/2004/08/events/event">
  <System>
    <Provider Name="mrcbt" Guid="{288fcfb2-caa0-44ff-b663-5336d63f6860}" />
    <EventID>1005</EventID>
    <Version>0</Version>
    <Level>4</Level>
    <Task>0</Task>
    <Opcode>0</Opcode>
    <Keywords>0x8000000000000000</Keywords>
    <TimeCreated SystemTime="2023-01-09T02:12:47.5581056Z" />
    <EventRecordID>5632</EventRecordID>
    <Correlation />
    <Execution ProcessID="4" ThreadID="224" />
    <Channel>System</Channel>
    <Computer>DESKTOP-MEHSHLA</Computer>
    <Security UserID="S-1-5-18" />
  </System>
  <EventData>
    <Data Name="DeviceName">\Device\HarddiskVolume8 (D:)</Data>
    <Data Name="ReferenceCount">0</Data>
  </EventData>
</Event>

Log Name:      System
Source:        mrcbt
Date:          1/8/2023 9:12:47 PM
Event ID:      1005
Task Category: None
Level:         Information
Keywords:      
User:          SYSTEM
Computer:      DESKTOP-MEHSHLA
Description:
PlugPlay notification has been registered for device \Device\HarddiskVolume7 with ReferenceCount 0x0
Event Xml:
<Event xmlns="http://schemas.microsoft.com/win/2004/08/events/event">
  <System>
    <Provider Name="mrcbt" Guid="{288fcfb2-caa0-44ff-b663-5336d63f6860}" />
    <EventID>1005</EventID>
    <Version>0</Version>
    <Level>4</Level>
    <Task>0</Task>
    <Opcode>0</Opcode>
    <Keywords>0x8000000000000000</Keywords>
    <TimeCreated SystemTime="2023-01-09T02:12:47.4957852Z" />
    <EventRecordID>5631</EventRecordID>
    <Correlation />
    <Execution ProcessID="4" ThreadID="224" />
    <Channel>System</Channel>
    <Computer>DESKTOP-MEHSHLA</Computer>
    <Security UserID="S-1-5-18" />
  </System>
  <EventData>
    <Data Name="DeviceName">\Device\HarddiskVolume7</Data>
    <Data Name="ReferenceCount">0</Data>
  </EventData>
</Event>

Log Name:      System
Source:        mrcbt
Date:          1/8/2023 9:12:47 PM
Event ID:      1005
Task Category: None
Level:         Information
Keywords:      
User:          SYSTEM
Computer:      DESKTOP-MEHSHLA
Description:
PlugPlay notification has been registered for device \Device\HarddiskVolume6 with ReferenceCount 0x0
Event Xml:
<Event xmlns="http://schemas.microsoft.com/win/2004/08/events/event">
  <System>
    <Provider Name="mrcbt" Guid="{288fcfb2-caa0-44ff-b663-5336d63f6860}" />
    <EventID>1005</EventID>
    <Version>0</Version>
    <Level>4</Level>
    <Task>0</Task>
    <Opcode>0</Opcode>
    <Keywords>0x8000000000000000</Keywords>
    <TimeCreated SystemTime="2023-01-09T02:12:47.4551352Z" />
    <EventRecordID>5630</EventRecordID>
    <Correlation />
    <Execution ProcessID="4" ThreadID="224" />
    <Channel>System</Channel>
    <Computer>DESKTOP-MEHSHLA</Computer>
    <Security UserID="S-1-5-18" />
  </System>
  <EventData>
    <Data Name="DeviceName">\Device\HarddiskVolume6</Data>
    <Data Name="ReferenceCount">0</Data>
  </EventData>
</Event>

Log Name:      System
Source:        mrcbt
Date:          1/8/2023 9:12:47 PM
Event ID:      5002
Task Category: None
Level:         Information
Keywords:      
User:          SYSTEM
Computer:      DESKTOP-MEHSHLA
Description:
The size of the $LogFile on device \Device\HarddiskVolume5 (C:) is 0x4000000 bytes with 0x1 fragments
Event Xml:
<Event xmlns="http://schemas.microsoft.com/win/2004/08/events/event">
  <System>
    <Provider Name="mrcbt" Guid="{288fcfb2-caa0-44ff-b663-5336d63f6860}" />
    <EventID>5002</EventID>
    <Version>0</Version>
    <Level>4</Level>
    <Task>0</Task>
    <Opcode>0</Opcode>
    <Keywords>0x8000000000000000</Keywords>
    <TimeCreated SystemTime="2023-01-09T02:12:47.3552551Z" />
    <EventRecordID>5629</EventRecordID>
    <Correlation />
    <Execution ProcessID="4" ThreadID="284" />
    <Channel>System</Channel>
    <Computer>DESKTOP-MEHSHLA</Computer>
    <Security UserID="S-1-5-18" />
  </System>
  <EventData>
    <Data Name="DeviceName">\Device\HarddiskVolume5 (C:)</Data>
    <Data Name="Size">0x4000000</Data>
    <Data Name="Fragments">0x1</Data>
  </EventData>
</Event>

Log Name:      System
Source:        mrcbt
Date:          1/8/2023 9:12:47 PM
Event ID:      5007
Task Category: None
Level:         Information
Keywords:      
User:          SYSTEM
Computer:      DESKTOP-MEHSHLA
Description:
CurrentLcn=0, CurrentVcn=0, LcnBytes=3, VcnBytes=2
Event Xml:
<Event xmlns="http://schemas.microsoft.com/win/2004/08/events/event">
  <System>
    <Provider Name="mrcbt" Guid="{288fcfb2-caa0-44ff-b663-5336d63f6860}" />
    <EventID>5007</EventID>
    <Version>0</Version>
    <Level>4</Level>
    <Task>0</Task>
    <Opcode>0</Opcode>
    <Keywords>0x8000000000000000</Keywords>
    <TimeCreated SystemTime="2023-01-09T02:12:47.3552534Z" />
    <EventRecordID>5628</EventRecordID>
    <Correlation />
    <Execution ProcessID="4" ThreadID="284" />
    <Channel>System</Channel>
    <Computer>DESKTOP-MEHSHLA</Computer>
    <Security UserID="S-1-5-18" />
  </System>
  <EventData>
    <Data Name="CurrentLcn">0</Data>
    <Data Name="CurrentVcn">0</Data>
    <Data Name="LcnBytes">3</Data>
    <Data Name="VcnBytes">2</Data>
  </EventData>
</Event>

Log Name:      System
Source:        mrcbt
Date:          1/8/2023 9:12:47 PM
Event ID:      5006
Task Category: None
Level:         Information
Keywords:      
User:          SYSTEM
Computer:      DESKTOP-MEHSHLA
Description:
MappingPairsLength=8
Event Xml:
<Event xmlns="http://schemas.microsoft.com/win/2004/08/events/event">
  <System>
    <Provider Name="mrcbt" Guid="{288fcfb2-caa0-44ff-b663-5336d63f6860}" />
    <EventID>5006</EventID>
    <Version>0</Version>
    <Level>4</Level>
    <Task>0</Task>
    <Opcode>0</Opcode>
    <Keywords>0x8000000000000000</Keywords>
    <TimeCreated SystemTime="2023-01-09T02:12:47.3552529Z" />
    <EventRecordID>5627</EventRecordID>
    <Correlation />
    <Execution ProcessID="4" ThreadID="284" />
    <Channel>System</Channel>
    <Computer>DESKTOP-MEHSHLA</Computer>
    <Security UserID="S-1-5-18" />
  </System>
  <EventData>
    <Data Name="Length">8</Data>
  </EventData>
</Event>

Log Name:      System
Source:        mrcbt
Date:          1/8/2023 9:12:47 PM
Event ID:      1005
Task Category: None
Level:         Information
Keywords:      
User:          SYSTEM
Computer:      DESKTOP-MEHSHLA
Description:
PlugPlay notification has been registered for device \Device\HarddiskVolume5 (C:) with ReferenceCount 0x0
Event Xml:
<Event xmlns="http://schemas.microsoft.com/win/2004/08/events/event">
  <System>
    <Provider Name="mrcbt" Guid="{288fcfb2-caa0-44ff-b663-5336d63f6860}" />
    <EventID>1005</EventID>
    <Version>0</Version>
    <Level>4</Level>
    <Task>0</Task>
    <Opcode>0</Opcode>
    <Keywords>0x8000000000000000</Keywords>
    <TimeCreated SystemTime="2023-01-09T02:12:47.3440506Z" />
    <EventRecordID>5626</EventRecordID>
    <Correlation />
    <Execution ProcessID="4" ThreadID="224" />
    <Channel>System</Channel>
    <Computer>DESKTOP-MEHSHLA</Computer>
    <Security UserID="S-1-5-18" />
  </System>
  <EventData>
    <Data Name="DeviceName">\Device\HarddiskVolume5 (C:)</Data>
    <Data Name="ReferenceCount">0</Data>
  </EventData>
</Event>

Log Name:      System
Source:        mrcbt
Date:          1/8/2023 9:12:47 PM
Event ID:      1005
Task Category: None
Level:         Information
Keywords:      
User:          SYSTEM
Computer:      DESKTOP-MEHSHLA
Description:
PlugPlay notification has been registered for device \Device\HarddiskVolume3 with ReferenceCount 0x0
Event Xml:
<Event xmlns="http://schemas.microsoft.com/win/2004/08/events/event">
  <System>
    <Provider Name="mrcbt" Guid="{288fcfb2-caa0-44ff-b663-5336d63f6860}" />
    <EventID>1005</EventID>
    <Version>0</Version>
    <Level>4</Level>
    <Task>0</Task>
    <Opcode>0</Opcode>
    <Keywords>0x8000000000000000</Keywords>
    <TimeCreated SystemTime="2023-01-09T02:12:47.3017893Z" />
    <EventRecordID>5625</EventRecordID>
    <Correlation />
    <Execution ProcessID="4" ThreadID="224" />
    <Channel>System</Channel>
    <Computer>DESKTOP-MEHSHLA</Computer>
    <Security UserID="S-1-5-18" />
  </System>
  <EventData>
    <Data Name="DeviceName">\Device\HarddiskVolume3</Data>
    <Data Name="ReferenceCount">0</Data>
  </EventData>
</Event>

Log Name:      System
Source:        mrcbt
Date:          1/8/2023 9:12:47 PM
Event ID:      1012
Task Category: None
Level:         Information
Keywords:      
User:          SYSTEM
Computer:      DESKTOP-MEHSHLA
Description:
Received GUID_IO_VOLUME_FVE_STATUS_CHANGE for device \Device\HarddiskVolume2 (B:)
Event Xml:
<Event xmlns="http://schemas.microsoft.com/win/2004/08/events/event">
  <System>
    <Provider Name="mrcbt" Guid="{288fcfb2-caa0-44ff-b663-5336d63f6860}" />
    <EventID>1012</EventID>
    <Version>0</Version>
    <Level>4</Level>
    <Task>0</Task>
    <Opcode>0</Opcode>
    <Keywords>0x8000000000000000</Keywords>
    <TimeCreated SystemTime="2023-01-09T02:12:47.2795445Z" />
    <EventRecordID>5624</EventRecordID>
    <Correlation />
    <Execution ProcessID="4" ThreadID="224" />
    <Channel>System</Channel>
    <Computer>DESKTOP-MEHSHLA</Computer>
    <Security UserID="S-1-5-18" />
  </System>
  <EventData>
    <Data Name="DeviceName">\Device\HarddiskVolume2 (B:)</Data>
  </EventData>
</Event>

Log Name:      System
Source:        mrcbt
Date:          1/8/2023 9:12:47 PM
Event ID:      1005
Task Category: None
Level:         Information
Keywords:      
User:          SYSTEM
Computer:      DESKTOP-MEHSHLA
Description:
PlugPlay notification has been registered for device \Device\HarddiskVolume2 (B:) with ReferenceCount 0x0
Event Xml:
<Event xmlns="http://schemas.microsoft.com/win/2004/08/events/event">
  <System>
    <Provider Name="mrcbt" Guid="{288fcfb2-caa0-44ff-b663-5336d63f6860}" />
    <EventID>1005</EventID>
    <Version>0</Version>
    <Level>4</Level>
    <Task>0</Task>
    <Opcode>0</Opcode>
    <Keywords>0x8000000000000000</Keywords>
    <TimeCreated SystemTime="2023-01-09T02:12:47.2795359Z" />
    <EventRecordID>5623</EventRecordID>
    <Correlation />
    <Execution ProcessID="4" ThreadID="224" />
    <Channel>System</Channel>
    <Computer>DESKTOP-MEHSHLA</Computer>
    <Security UserID="S-1-5-18" />
  </System>
  <EventData>
    <Data Name="DeviceName">\Device\HarddiskVolume2 (B:)</Data>
    <Data Name="ReferenceCount">0</Data>
  </EventData>
</Event>

Log Name:      System
Source:        mrcbt
Date:          1/8/2023 9:12:47 PM
Event ID:      4
Task Category: None
Level:         Information
Keywords:      
User:          SYSTEM
Computer:      DESKTOP-MEHSHLA
Description:
Successfully attached to device \Device\HarddiskVolume8
Event Xml:
<Event xmlns="http://schemas.microsoft.com/win/2004/08/events/event">
  <System>
    <Provider Name="mrcbt" Guid="{288fcfb2-caa0-44ff-b663-5336d63f6860}" />
    <EventID>4</EventID>
    <Version>0</Version>
    <Level>4</Level>
    <Task>0</Task>
    <Opcode>0</Opcode>
    <Keywords>0x8000000000000000</Keywords>
    <TimeCreated SystemTime="2023-01-09T02:12:47.2769081Z" />
    <EventRecordID>5622</EventRecordID>
    <Correlation />
    <Execution ProcessID="4" ThreadID="8" />
    <Channel>System</Channel>
    <Computer>DESKTOP-MEHSHLA</Computer>
    <Security UserID="S-1-5-18" />
  </System>
  <EventData>
    <Data Name="DeviceName">\Device\HarddiskVolume8</Data>
  </EventData>
</Event>

Log Name:      System
Source:        mrcbt
Date:          1/8/2023 9:12:47 PM
Event ID:      4
Task Category: None
Level:         Information
Keywords:      
User:          SYSTEM
Computer:      DESKTOP-MEHSHLA
Description:
Successfully attached to device \Device\HarddiskVolume7
Event Xml:
<Event xmlns="http://schemas.microsoft.com/win/2004/08/events/event">
  <System>
    <Provider Name="mrcbt" Guid="{288fcfb2-caa0-44ff-b663-5336d63f6860}" />
    <EventID>4</EventID>
    <Version>0</Version>
    <Level>4</Level>
    <Task>0</Task>
    <Opcode>0</Opcode>
    <Keywords>0x8000000000000000</Keywords>
    <TimeCreated SystemTime="2023-01-09T02:12:47.2762098Z" />
    <EventRecordID>5621</EventRecordID>
    <Correlation />
    <Execution ProcessID="4" ThreadID="8" />
    <Channel>System</Channel>
    <Computer>DESKTOP-MEHSHLA</Computer>
    <Security UserID="S-1-5-18" />
  </System>
  <EventData>
    <Data Name="DeviceName">\Device\HarddiskVolume7</Data>
  </EventData>
</Event>

Log Name:      System
Source:        mrcbt
Date:          1/8/2023 9:12:47 PM
Event ID:      4
Task Category: None
Level:         Information
Keywords:      
User:          SYSTEM
Computer:      DESKTOP-MEHSHLA
Description:
Successfully attached to device \Device\HarddiskVolume6
Event Xml:
<Event xmlns="http://schemas.microsoft.com/win/2004/08/events/event">
  <System>
    <Provider Name="mrcbt" Guid="{288fcfb2-caa0-44ff-b663-5336d63f6860}" />
    <EventID>4</EventID>
    <Version>0</Version>
    <Level>4</Level>
    <Task>0</Task>
    <Opcode>0</Opcode>
    <Keywords>0x8000000000000000</Keywords>
    <TimeCreated SystemTime="2023-01-09T02:12:47.2755391Z" />
    <EventRecordID>5620</EventRecordID>
    <Correlation />
    <Execution ProcessID="4" ThreadID="8" />
    <Channel>System</Channel>
    <Computer>DESKTOP-MEHSHLA</Computer>
    <Security UserID="S-1-5-18" />
  </System>
  <EventData>
    <Data Name="DeviceName">\Device\HarddiskVolume6</Data>
  </EventData>
</Event>

Log Name:      System
Source:        mrcbt
Date:          1/8/2023 9:12:47 PM
Event ID:      4
Task Category: None
Level:         Information
Keywords:      
User:          SYSTEM
Computer:      DESKTOP-MEHSHLA
Description:
Successfully attached to device \Device\HarddiskVolume5
Event Xml:
<Event xmlns="http://schemas.microsoft.com/win/2004/08/events/event">
  <System>
    <Provider Name="mrcbt" Guid="{288fcfb2-caa0-44ff-b663-5336d63f6860}" />
    <EventID>4</EventID>
    <Version>0</Version>
    <Level>4</Level>
    <Task>0</Task>
    <Opcode>0</Opcode>
    <Keywords>0x8000000000000000</Keywords>
    <TimeCreated SystemTime="2023-01-09T02:12:47.2748624Z" />
    <EventRecordID>5619</EventRecordID>
    <Correlation />
    <Execution ProcessID="4" ThreadID="8" />
    <Channel>System</Channel>
    <Computer>DESKTOP-MEHSHLA</Computer>
    <Security UserID="S-1-5-18" />
  </System>
  <EventData>
    <Data Name="DeviceName">\Device\HarddiskVolume5</Data>
  </EventData>
</Event>

Log Name:      System
Source:        mrcbt
Date:          1/8/2023 9:12:47 PM
Event ID:      4
Task Category: None
Level:         Information
Keywords:      
User:          SYSTEM
Computer:      DESKTOP-MEHSHLA
Description:
Successfully attached to device \Device\HarddiskVolume4
Event Xml:
<Event xmlns="http://schemas.microsoft.com/win/2004/08/events/event">
  <System>
    <Provider Name="mrcbt" Guid="{288fcfb2-caa0-44ff-b663-5336d63f6860}" />
    <EventID>4</EventID>
    <Version>0</Version>
    <Level>4</Level>
    <Task>0</Task>
    <Opcode>0</Opcode>
    <Keywords>0x8000000000000000</Keywords>
    <TimeCreated SystemTime="2023-01-09T02:12:47.2741305Z" />
    <EventRecordID>5618</EventRecordID>
    <Correlation />
    <Execution ProcessID="4" ThreadID="8" />
    <Channel>System</Channel>
    <Computer>DESKTOP-MEHSHLA</Computer>
    <Security UserID="S-1-5-18" />
  </System>
  <EventData>
    <Data Name="DeviceName">\Device\HarddiskVolume4</Data>
  </EventData>
</Event>

Log Name:      System
Source:        mrcbt
Date:          1/8/2023 9:12:47 PM
Event ID:      4
Task Category: None
Level:         Information
Keywords:      
User:          SYSTEM
Computer:      DESKTOP-MEHSHLA
Description:
Successfully attached to device \Device\HarddiskVolume3
Event Xml:
<Event xmlns="http://schemas.microsoft.com/win/2004/08/events/event">
  <System>
    <Provider Name="mrcbt" Guid="{288fcfb2-caa0-44ff-b663-5336d63f6860}" />
    <EventID>4</EventID>
    <Version>0</Version>
    <Level>4</Level>
    <Task>0</Task>
    <Opcode>0</Opcode>
    <Keywords>0x8000000000000000</Keywords>
    <TimeCreated SystemTime="2023-01-09T02:12:47.2734683Z" />
    <EventRecordID>5617</EventRecordID>
    <Correlation />
    <Execution ProcessID="4" ThreadID="8" />
    <Channel>System</Channel>
    <Computer>DESKTOP-MEHSHLA</Computer>
    <Security UserID="S-1-5-18" />
  </System>
  <EventData>
    <Data Name="DeviceName">\Device\HarddiskVolume3</Data>
  </EventData>
</Event>

Log Name:      System
Source:        mrcbt
Date:          1/8/2023 9:12:47 PM
Event ID:      4
Task Category: None
Level:         Information
Keywords:      
User:          SYSTEM
Computer:      DESKTOP-MEHSHLA
Description:
Successfully attached to device \Device\HarddiskVolume2
Event Xml:
<Event xmlns="http://schemas.microsoft.com/win/2004/08/events/event">
  <System>
    <Provider Name="mrcbt" Guid="{288fcfb2-caa0-44ff-b663-5336d63f6860}" />
    <EventID>4</EventID>
    <Version>0</Version>
    <Level>4</Level>
    <Task>0</Task>
    <Opcode>0</Opcode>
    <Keywords>0x8000000000000000</Keywords>
    <TimeCreated SystemTime="2023-01-09T02:12:47.2728047Z" />
    <EventRecordID>5616</EventRecordID>
    <Correlation />
    <Execution ProcessID="4" ThreadID="8" />
    <Channel>System</Channel>
    <Computer>DESKTOP-MEHSHLA</Computer>
    <Security UserID="S-1-5-18" />
  </System>
  <EventData>
    <Data Name="DeviceName">\Device\HarddiskVolume2</Data>
  </EventData>
</Event>

Log Name:      System
Source:        mrcbt
Date:          1/8/2023 9:12:47 PM
Event ID:      4
Task Category: None
Level:         Information
Keywords:      
User:          SYSTEM
Computer:      DESKTOP-MEHSHLA
Description:
Successfully attached to device \Device\HarddiskVolume1
Event Xml:
<Event xmlns="http://schemas.microsoft.com/win/2004/08/events/event">
  <System>
    <Provider Name="mrcbt" Guid="{288fcfb2-caa0-44ff-b663-5336d63f6860}" />
    <EventID>4</EventID>
    <Version>0</Version>
    <Level>4</Level>
    <Task>0</Task>
    <Opcode>0</Opcode>
    <Keywords>0x8000000000000000</Keywords>
    <TimeCreated SystemTime="2023-01-09T02:12:47.2721477Z" />
    <EventRecordID>5615</EventRecordID>
    <Correlation />
    <Execution ProcessID="4" ThreadID="8" />
    <Channel>System</Channel>
    <Computer>DESKTOP-MEHSHLA</Computer>
    <Security UserID="S-1-5-18" />
  </System>
  <EventData>
    <Data Name="DeviceName">\Device\HarddiskVolume1</Data>
  </EventData>
</Event>

Log Name:      System
Source:        mrcbt
Date:          1/8/2023 9:12:47 PM
Event ID:      1
Task Category: None
Level:         Information
Keywords:      
User:          SYSTEM
Computer:      DESKTOP-MEHSHLA
Description:
Driver Loaded v8.0.6376
Event Xml:
<Event xmlns="http://schemas.microsoft.com/win/2004/08/events/event">
  <System>
    <Provider Name="mrcbt" Guid="{288fcfb2-caa0-44ff-b663-5336d63f6860}" />
    <EventID>1</EventID>
    <Version>0</Version>
    <Level>4</Level>
    <Task>0</Task>
    <Opcode>1</Opcode>
    <Keywords>0x8000000000000000</Keywords>
    <TimeCreated SystemTime="2023-01-09T02:12:47.2108195Z" />
    <EventRecordID>5614</EventRecordID>
    <Correlation />
    <Execution ProcessID="4" ThreadID="8" />
    <Channel>System</Channel>
    <Computer>DESKTOP-MEHSHLA</Computer>
    <Security UserID="S-1-5-18" />
  </System>
  <EventData>
    <Data Name="version">v8.0.6376</Data>
  </EventData>
</Event>

Log Name:      System
Source:        Microsoft-Windows-FilterManager
Date:          1/8/2023 9:12:47 PM
Event ID:      6
Task Category: None
Level:         Information
Keywords:      
User:          SYSTEM
Computer:      DESKTOP-MEHSHLA
Description:
File System Filter 'WdFilter' (10.0, ‎2046‎-‎12‎-‎27T22:44:16.000000000Z) has successfully loaded and registered with Filter Manager.
Event Xml:
<Event xmlns="http://schemas.microsoft.com/win/2004/08/events/event">
  <System>
    <Provider Name="Microsoft-Windows-FilterManager" Guid="{f3c5e28e-63f6-49c7-a204-e48a1bc4b09d}" />
    <EventID>6</EventID>
    <Version>0</Version>
    <Level>4</Level>
    <Task>0</Task>
    <Opcode>0</Opcode>
    <Keywords>0x8000000000000000</Keywords>
    <TimeCreated SystemTime="2023-01-09T02:12:47.1883210Z" />
    <EventRecordID>5613</EventRecordID>
    <Correlation />
    <Execution ProcessID="4" ThreadID="8" />
    <Channel>System</Channel>
    <Computer>DESKTOP-MEHSHLA</Computer>
    <Security UserID="S-1-5-18" />
  </System>
  <EventData>
    <Data Name="FinalStatus">0x0</Data>
    <Data Name="DeviceVersionMajor">10</Data>
    <Data Name="DeviceVersionMinor">0</Data>
    <Data Name="DeviceNameLength">8</Data>
    <Data Name="DeviceName">WdFilter</Data>
    <Data Name="DeviceTime">2046-12-27T22:44:16.0000000Z</Data>
  </EventData>
</Event>

Log Name:      System
Source:        Microsoft-Windows-FilterManager
Date:          1/8/2023 9:12:47 PM
Event ID:      6
Task Category: None
Level:         Information
Keywords:      
User:          SYSTEM
Computer:      DESKTOP-MEHSHLA
Description:
File System Filter 'Wof' (10.0, ‎1974‎-‎11‎-‎02T17:07:08.000000000Z) has successfully loaded and registered with Filter Manager.
Event Xml:
<Event xmlns="http://schemas.microsoft.com/win/2004/08/events/event">
  <System>
    <Provider Name="Microsoft-Windows-FilterManager" Guid="{f3c5e28e-63f6-49c7-a204-e48a1bc4b09d}" />
    <EventID>6</EventID>
    <Version>0</Version>
    <Level>4</Level>
    <Task>0</Task>
    <Opcode>0</Opcode>
    <Keywords>0x8000000000000000</Keywords>
    <TimeCreated SystemTime="2023-01-09T02:12:47.1873735Z" />
    <EventRecordID>5612</EventRecordID>
    <Correlation />
    <Execution ProcessID="4" ThreadID="8" />
    <Channel>System</Channel>
    <Computer>DESKTOP-MEHSHLA</Computer>
    <Security UserID="S-1-5-18" />
  </System>
  <EventData>
    <Data Name="FinalStatus">0x0</Data>
    <Data Name="DeviceVersionMajor">10</Data>
    <Data Name="DeviceVersionMinor">0</Data>
    <Data Name="DeviceNameLength">3</Data>
    <Data Name="DeviceName">Wof</Data>
    <Data Name="DeviceTime">1974-11-02T17:07:08.0000000Z</Data>
  </EventData>
</Event>

Log Name:      System
Source:        Microsoft-Windows-FilterManager
Date:          1/8/2023 9:12:47 PM
Event ID:      6
Task Category: None
Level:         Information
Keywords:      
User:          SYSTEM
Computer:      DESKTOP-MEHSHLA
Description:
File System Filter 'FileInfo' (10.0, ‎2062‎-‎12‎-‎23T00:21:06.000000000Z) has successfully loaded and registered with Filter Manager.
Event Xml:
<Event xmlns="http://schemas.microsoft.com/win/2004/08/events/event">
  <System>
    <Provider Name="Microsoft-Windows-FilterManager" Guid="{f3c5e28e-63f6-49c7-a204-e48a1bc4b09d}" />
    <EventID>6</EventID>
    <Version>0</Version>
    <Level>4</Level>
    <Task>0</Task>
    <Opcode>0</Opcode>
    <Keywords>0x8000000000000000</Keywords>
    <TimeCreated SystemTime="2023-01-09T02:12:47.1864819Z" />
    <EventRecordID>5611</EventRecordID>
    <Correlation />
    <Execution ProcessID="4" ThreadID="8" />
    <Channel>System</Channel>
    <Computer>DESKTOP-MEHSHLA</Computer>
    <Security UserID="S-1-5-18" />
  </System>
  <EventData>
    <Data Name="FinalStatus">0x0</Data>
    <Data Name="DeviceVersionMajor">10</Data>
    <Data Name="DeviceVersionMinor">0</Data>
    <Data Name="DeviceNameLength">8</Data>
    <Data Name="DeviceName">FileInfo</Data>
    <Data Name="DeviceTime">2062-12-23T00:21:06.0000000Z</Data>
  </EventData>
</Event>

Log Name:      System
Source:        Microsoft-Windows-HAL
Date:          1/8/2023 9:12:45 PM
Event ID:      16
Task Category: None
Level:         Information
Keywords:      
User:          SYSTEM
Computer:      DESKTOP-MEHSHLA
Description:
The iommu fault reporting has been initialized.
Event Xml:
<Event xmlns="http://schemas.microsoft.com/win/2004/08/events/event">
  <System>
    <Provider Name="Microsoft-Windows-HAL" Guid="{63d1e632-95cc-4443-9312-af927761d52a}" />
    <EventID>16</EventID>
    <Version>0</Version>
    <Level>4</Level>
    <Task>0</Task>
    <Opcode>0</Opcode>
    <Keywords>0x8000000000000000</Keywords>
    <TimeCreated SystemTime="2023-01-09T02:12:45.9101324Z" />
    <EventRecordID>5610</EventRecordID>
    <Correlation />
    <Execution ProcessID="4" ThreadID="8" />
    <Channel>System</Channel>
    <Computer>DESKTOP-MEHSHLA</Computer>
    <Security UserID="S-1-5-18" />
  </System>
  <EventData>
  </EventData>
</Event>

Log Name:      System
Source:        Microsoft-Windows-Kernel-General
Date:          1/8/2023 9:12:45 PM
Event ID:      20
Task Category: (6)
Level:         Information
Keywords:      Time
User:          SYSTEM
Computer:      DESKTOP-MEHSHLA
Description:
The leap second configuration has been updated.
Reason: Leap second data initialized from registry during boot
Leap seconds enabled: true
New leap second count: 0
Old leap second count: 0
Event Xml:
<Event xmlns="http://schemas.microsoft.com/win/2004/08/events/event">
  <System>
    <Provider Name="Microsoft-Windows-Kernel-General" Guid="{a68ca8b7-004f-d7b6-a698-07e2de0f1f5d}" />
    <EventID>20</EventID>
    <Version>0</Version>
    <Level>4</Level>
    <Task>6</Task>
    <Opcode>0</Opcode>
    <Keywords>0x8000000000000010</Keywords>
    <TimeCreated SystemTime="2023-01-09T02:12:45.8784385Z" />
    <EventRecordID>5609</EventRecordID>
    <Correlation />
    <Execution ProcessID="4" ThreadID="8" />
    <Channel>System</Channel>
    <Computer>DESKTOP-MEHSHLA</Computer>
    <Security UserID="S-1-5-18" />
  </System>
  <EventData>
    <Data Name="UpdateReason">0</Data>
    <Data Name="EnabledNew">true</Data>
    <Data Name="CountNew">0</Data>
    <Data Name="CountOld">0</Data>
  </EventData>
</Event>

Log Name:      System
Source:        Microsoft-Windows-Kernel-Boot
Date:          1/8/2023 9:12:45 PM
Event ID:      30
Task Category: (21)
Level:         Information
Keywords:      
User:          SYSTEM
Computer:      DESKTOP-MEHSHLA
Description:
The firmware reported boot metrics.
Event Xml:
<Event xmlns="http://schemas.microsoft.com/win/2004/08/events/event">
  <System>
    <Provider Name="Microsoft-Windows-Kernel-Boot" Guid="{15ca44ff-4d7a-4baa-bba5-0998955e531e}" />
    <EventID>30</EventID>
    <Version>0</Version>
    <Level>4</Level>
    <Task>21</Task>
    <Opcode>0</Opcode>
    <Keywords>0x8000000000000000</Keywords>
    <TimeCreated SystemTime="2023-01-09T02:12:45.8759635Z" />
    <EventRecordID>5608</EventRecordID>
    <Correlation />
    <Execution ProcessID="4" ThreadID="8" />
    <Channel>System</Channel>
    <Computer>DESKTOP-MEHSHLA</Computer>
    <Security UserID="S-1-5-18" />
  </System>
  <EventData>
    <Data Name="ResetEndStart">0</Data>
    <Data Name="LoadOSImageStart">5204</Data>
    <Data Name="StartOSImageStart">5299</Data>
    <Data Name="ExitBootServicesEntry">9585</Data>
    <Data Name="ExitBootServicesExit">9592</Data>
  </EventData>
</Event>

Log Name:      System
Source:        Microsoft-Windows-Kernel-Boot
Date:          1/8/2023 9:12:45 PM
Event ID:      27
Task Category: (33)
Level:         Information
Keywords:      
User:          SYSTEM
Computer:      DESKTOP-MEHSHLA
Description:
The boot type was 0x0.
Event Xml:
<Event xmlns="http://schemas.microsoft.com/win/2004/08/events/event">
  <System>
    <Provider Name="Microsoft-Windows-Kernel-Boot" Guid="{15ca44ff-4d7a-4baa-bba5-0998955e531e}" />
    <EventID>27</EventID>
    <Version>1</Version>
    <Level>4</Level>
    <Task>33</Task>
    <Opcode>0</Opcode>
    <Keywords>0x8000000000000000</Keywords>
    <TimeCreated SystemTime="2023-01-09T02:12:45.8758674Z" />
    <EventRecordID>5607</EventRecordID>
    <Correlation />
    <Execution ProcessID="4" ThreadID="8" />
    <Channel>System</Channel>
    <Computer>DESKTOP-MEHSHLA</Computer>
    <Security UserID="S-1-5-18" />
  </System>
  <EventData>
    <Data Name="BootType">0</Data>
    <Data Name="LoadOptions"> NOEXECUTE=OPTIN  NOVGA</Data>
  </EventData>
</Event>

Log Name:      System
Source:        Microsoft-Windows-Kernel-Boot
Date:          1/8/2023 9:12:45 PM
Event ID:      25
Task Category: (32)
Level:         Information
Keywords:      
User:          SYSTEM
Computer:      DESKTOP-MEHSHLA
Description:
The boot menu policy was 0x1.
Event Xml:
<Event xmlns="http://schemas.microsoft.com/win/2004/08/events/event">
  <System>
    <Provider Name="Microsoft-Windows-Kernel-Boot" Guid="{15ca44ff-4d7a-4baa-bba5-0998955e531e}" />
    <EventID>25</EventID>
    <Version>0</Version>
    <Level>4</Level>
    <Task>32</Task>
    <Opcode>0</Opcode>
    <Keywords>0x8000000000000000</Keywords>
    <TimeCreated SystemTime="2023-01-09T02:12:45.8758669Z" />
    <EventRecordID>5606</EventRecordID>
    <Correlation />
    <Execution ProcessID="4" ThreadID="8" />
    <Channel>System</Channel>
    <Computer>DESKTOP-MEHSHLA</Computer>
    <Security UserID="S-1-5-18" />
  </System>
  <EventData>
    <Data Name="BootMenuPolicy">1</Data>
  </EventData>
</Event>

Log Name:      System
Source:        Microsoft-Windows-Kernel-Boot
Date:          1/8/2023 9:12:45 PM
Event ID:      238
Task Category: (101)
Level:         Information
Keywords:      
User:          SYSTEM
Computer:      DESKTOP-MEHSHLA
Description:
EFI time zone bias: 2047. Daylight flags: 0
Event Xml:
<Event xmlns="http://schemas.microsoft.com/win/2004/08/events/event">
  <System>
    <Provider Name="Microsoft-Windows-Kernel-Boot" Guid="{15ca44ff-4d7a-4baa-bba5-0998955e531e}" />
    <EventID>238</EventID>
    <Version>0</Version>
    <Level>4</Level>
    <Task>101</Task>
    <Opcode>0</Opcode>
    <Keywords>0x8000000000000000</Keywords>
    <TimeCreated SystemTime="2023-01-09T02:12:45.8758662Z" />
    <EventRecordID>5605</EventRecordID>
    <Correlation />
    <Execution ProcessID="4" ThreadID="8" />
    <Channel>System</Channel>
    <Computer>DESKTOP-MEHSHLA</Computer>
    <Security UserID="S-1-5-18" />
  </System>
  <EventData>
    <Data Name="EfiTimeZoneBias">2047</Data>
    <Data Name="EfiDaylightFlags">0</Data>
  </EventData>
</Event>

Log Name:      System
Source:        Microsoft-Windows-Kernel-Boot
Date:          1/8/2023 9:12:45 PM
Event ID:      20
Task Category: (31)
Level:         Information
Keywords:      
User:          SYSTEM
Computer:      DESKTOP-MEHSHLA
Description:
The last shutdown's success status was false. The last boot's success status was true.
Event Xml:
<Event xmlns="http://schemas.microsoft.com/win/2004/08/events/event">
  <System>
    <Provider Name="Microsoft-Windows-Kernel-Boot" Guid="{15ca44ff-4d7a-4baa-bba5-0998955e531e}" />
    <EventID>20</EventID>
    <Version>1</Version>
    <Level>4</Level>
    <Task>31</Task>
    <Opcode>0</Opcode>
    <Keywords>0x8000000000000000</Keywords>
    <TimeCreated SystemTime="2023-01-09T02:12:45.8757594Z" />
    <EventRecordID>5604</EventRecordID>
    <Correlation />
    <Execution ProcessID="4" ThreadID="8" />
    <Channel>System</Channel>
    <Computer>DESKTOP-MEHSHLA</Computer>
    <Security UserID="S-1-5-18" />
  </System>
  <EventData>
    <Data Name="LastShutdownGood">false</Data>
    <Data Name="LastBootGood">true</Data>
    <Data Name="LastBootId">42</Data>
    <Data Name="BootStatusPolicy">2</Data>
  </EventData>
</Event>

Log Name:      System
Source:        Microsoft-Windows-Kernel-Boot
Date:          1/8/2023 9:12:45 PM
Event ID:      32
Task Category: (58)
Level:         Information
Keywords:      
User:          SYSTEM
Computer:      DESKTOP-MEHSHLA
Description:
The bootmgr spent 0 ms waiting for user input.
Event Xml:
<Event xmlns="http://schemas.microsoft.com/win/2004/08/events/event">
  <System>
    <Provider Name="Microsoft-Windows-Kernel-Boot" Guid="{15ca44ff-4d7a-4baa-bba5-0998955e531e}" />
    <EventID>32</EventID>
    <Version>0</Version>
    <Level>4</Level>
    <Task>58</Task>
    <Opcode>0</Opcode>
    <Keywords>0x8000000000000000</Keywords>
    <TimeCreated SystemTime="2023-01-09T02:12:45.8756276Z" />
    <EventRecordID>5603</EventRecordID>
    <Correlation />
    <Execution ProcessID="4" ThreadID="8" />
    <Channel>System</Channel>
    <Computer>DESKTOP-MEHSHLA</Computer>
    <Security UserID="S-1-5-18" />
  </System>
  <EventData>
    <Data Name="BitlockerUserInputTime">0</Data>
  </EventData>
</Event>

